<?xml version="1.0" encoding="UTF-8"?>
<!-- Generated by org.testng.reporters.JUnitReportReporter -->
<testsuite skipped="1" hostname="LAPTOP-0MLMGFQH" name="Linkedintestcases.linkedinlogintestcase" tests="2" failures="0" timestamp="30 Apr 2020 04:44:00 GMT" time="0.008" errors="1">
  <testcase name="launchbrowser" time="0.008" classname="Linkedintestcases.linkedinlogintestcase">
    <error type="java.lang.StackOverflowError">
      <![CDATA[java.lang.StackOverflowError
at Linkedintestcases.linkedinlogintestcase.launchbrowser(linkedinlogintestcase.java:19)
at Linkedintestcases.linkedinlogintestcase.launchbrowser(linkedinlogintestcase.java:19)
at Linkedintestcases.linkedinlogintestcase.launchbrowser(linkedinlogintestcase.java:19)
at Linkedintestcases.linkedinlogintestcase.launchbrowser(linkedinlogintestcase.java:19)
at Linkedintestcases.linkedinlogintestcase.launchbrowser(linkedinlogintestcase.java:19)
at Linkedintestcases.linkedinlogintestcase.launchbrowser(linkedinlogintestcase.java:19)
at Linkedintestcases.linkedinlogintestcase.launchbrowser(linkedinlogintestcase.java:19)
at Linkedintestcases.linkedinlogintestcase.launchbrowser(linkedinlogintestcase.java:19)
at Linkedintestcases.linkedinlogintestcase.launchbrowser(linkedinlogintestcase.java:19)
at Linkedintestcases.linkedinlogintestcase.launchbrowser(linkedinlogintestcase.java:19)
at Linkedintestcases.linkedinlogintestcase.launchbrowser(linkedinlogintestcase.java:19)
at Linkedintestcases.linkedinlogintestcase.launchbrowser(linkedinlogintestcase.java:19)
at Linkedintestcases.linkedinlogintestcase.launchbrowser(linkedinlogintestcase.java:19)
at Linkedintestcases.linkedinlogintestcase.launchbrowser(linkedinlogintestcase.java:19)
at Linkedintestcases.linkedinlogintestcase.launchbrowser(linkedinlogintestcase.java:19)
at Linkedintestcases.linkedinlogintestcase.launchbrowser(linkedinlogintestcase.java:19)
at Linkedintestcases.linkedinlogintestcase.launchbrowser(linkedinlogintestcase.java:19)
at Linkedintestcases.linkedinlogintestcase.launchbrowser(linkedinlogintestcase.java:19)
at Linkedintestcases.linkedinlogintestcase.launchbrowser(linkedinlogintestcase.java:19)
at Linkedintestcases.linkedinlogintestcase.launchbrowser(linkedinlogintestcase.java:19)
at Linkedintestcases.linkedinlogintestcase.launchbrowser(linkedinlogintestcase.java:19)
at Linkedintestcases.linkedinlogintestcase.launchbrowser(linkedinlogintestcase.java:19)
at Linkedintestcases.linkedinlogintestcase.launchbrowser(linkedinlogintestcase.java:19)
at Linkedintestcases.linkedinlogintestcase.launchbrowser(linkedinlogintestcase.java:19)
at Linkedintestcases.linkedinlogintestcase.launchbrowser(linkedinlogintestcase.java:19)
at Linkedintestcases.linkedinlogintestcase.launchbrowser(linkedinlogintestcase.java:19)
at Linkedintestcases.linkedinlogintestcase.launchbrowser(linkedinlogintestcase.java:19)
at Linkedintestcases.linkedinlogintestcase.launchbrowser(linkedinlogintestcase.java:19)
at Linkedintestcases.linkedinlogintestcase.launchbrowser(linkedinlogintestcase.java:19)
at Linkedintestcases.linkedinlogintestcase.launchbrowser(linkedinlogintestcase.java:19)
at Linkedintestcases.linkedinlogintestcase.launchbrowser(linkedinlogintestcase.java:19)
at Linkedintestcases.linkedinlogintestcase.launchbrowser(linkedinlogintestcase.java:19)
at Linkedintestcases.linkedinlogintestcase.launchbrowser(linkedinlogintestcase.java:19)
at Linkedintestcases.linkedinlogintestcase.launchbrowser(linkedinlogintestcase.java:19)
at Linkedintestcases.linkedinlogintestcase.launchbrowser(linkedinlogintestcase.java:19)
at Linkedintestcases.linkedinlogintestcase.launchbrowser(linkedinlogintestcase.java:19)
at Linkedintestcases.linkedinlogintestcase.launchbrowser(linkedinlogintestcase.java:19)
at Linkedintestcases.linkedinlogintestcase.launchbrowser(linkedinlogintestcase.java:19)
at Linkedintestcases.linkedinlogintestcase.launchbrowser(linkedinlogintestcase.java:19)
at Linkedintestcases.linkedinlogintestcase.launchbrowser(linkedinlogintestcase.java:19)
at Linkedintestcases.linkedinlogintestcase.launchbrowser(linkedinlogintestcase.java:19)
at Linkedintestcases.linkedinlogintestcase.launchbrowser(linkedinlogintestcase.java:19)
at Linkedintestcases.linkedinlogintestcase.launchbrowser(linkedinlogintestcase.java:19)
at Linkedintestcases.linkedinlogintestcase.launchbrowser(linkedinlogintestcase.java:19)
at Linkedintestcases.linkedinlogintestcase.launchbrowser(linkedinlogintestcase.java:19)
at Linkedintestcases.linkedinlogintestcase.launchbrowser(linkedinlogintestcase.java:19)
at Linkedintestcases.linkedinlogintestcase.launchbrowser(linkedinlogintestcase.java:19)
at Linkedintestcases.linkedinlogintestcase.launchbrowser(linkedinlogintestcase.java:19)
at Linkedintestcases.linkedinlogintestcase.launchbrowser(linkedinlogintestcase.java:19)
at Linkedintestcases.linkedinlogintestcase.launchbrowser(linkedinlogintestcase.java:19)
at Linkedintestcases.linkedinlogintestcase.launchbrowser(linkedinlogintestcase.java:19)
at Linkedintestcases.linkedinlogintestcase.launchbrowser(linkedinlogintestcase.java:19)
at Linkedintestcases.linkedinlogintestcase.launchbrowser(linkedinlogintestcase.java:19)
at Linkedintestcases.linkedinlogintestcase.launchbrowser(linkedinlogintestcase.java:19)
at Linkedintestcases.linkedinlogintestcase.launchbrowser(linkedinlogintestcase.java:19)
at Linkedintestcases.linkedinlogintestcase.launchbrowser(linkedinlogintestcase.java:19)
at Linkedintestcases.linkedinlogintestcase.launchbrowser(linkedinlogintestcase.java:19)
at Linkedintestcases.linkedinlogintestcase.launchbrowser(linkedinlogintestcase.java:19)
at Linkedintestcases.linkedinlogintestcase.launchbrowser(linkedinlogintestcase.java:19)
at Linkedintestcases.linkedinlogintestcase.launchbrowser(linkedinlogintestcase.java:19)
at Linkedintestcases.linkedinlogintestcase.launchbrowser(linkedinlogintestcase.java:19)
at Linkedintestcases.linkedinlogintestcase.launchbrowser(linkedinlogintestcase.java:19)
at Linkedintestcases.linkedinlogintestcase.launchbrowser(linkedinlogintestcase.java:19)
at Linkedintestcases.linkedinlogintestcase.launchbrowser(linkedinlogintestcase.java:19)
at Linkedintestcases.linkedinlogintestcase.launchbrowser(linkedinlogintestcase.java:19)
at Linkedintestcases.linkedinlogintestcase.launchbrowser(linkedinlogintestcase.java:19)
at Linkedintestcases.linkedinlogintestcase.launchbrowser(linkedinlogintestcase.java:19)
at Linkedintestcases.linkedinlogintestcase.launchbrowser(linkedinlogintestcase.java:19)
at Linkedintestcases.linkedinlogintestcase.launchbrowser(linkedinlogintestcase.java:19)
at Linkedintestcases.linkedinlogintestcase.launchbrowser(linkedinlogintestcase.java:19)
at Linkedintestcases.linkedinlogintestcase.launchbrowser(linkedinlogintestcase.java:19)
at Linkedintestcases.linkedinlogintestcase.launchbrowser(linkedinlogintestcase.java:19)
at Linkedintestcases.linkedinlogintestcase.launchbrowser(linkedinlogintestcase.java:19)
at Linkedintestcases.linkedinlogintestcase.launchbrowser(linkedinlogintestcase.java:19)
at Linkedintestcases.linkedinlogintestcase.launchbrowser(linkedinlogintestcase.java:19)
at Linkedintestcases.linkedinlogintestcase.launchbrowser(linkedinlogintestcase.java:19)
at Linkedintestcases.linkedinlogintestcase.launchbrowser(linkedinlogintestcase.java:19)
at Linkedintestcases.linkedinlogintestcase.launchbrowser(linkedinlogintestcase.java:19)
at Linkedintestcases.linkedinlogintestcase.launchbrowser(linkedinlogintestcase.java:19)
at Linkedintestcases.linkedinlogintestcase.launchbrowser(linkedinlogintestcase.java:19)
at Linkedintestcases.linkedinlogintestcase.launchbrowser(linkedinlogintestcase.java:19)
at Linkedintestcases.linkedinlogintestcase.launchbrowser(linkedinlogintestcase.java:19)
at Linkedintestcases.linkedinlogintestcase.launchbrowser(linkedinlogintestcase.java:19)
at Linkedintestcases.linkedinlogintestcase.launchbrowser(linkedinlogintestcase.java:19)
at Linkedintestcases.linkedinlogintestcase.launchbrowser(linkedinlogintestcase.java:19)
at Linkedintestcases.linkedinlogintestcase.launchbrowser(linkedinlogintestcase.java:19)
at Linkedintestcases.linkedinlogintestcase.launchbrowser(linkedinlogintestcase.java:19)
at Linkedintestcases.linkedinlogintestcase.launchbrowser(linkedinlogintestcase.java:19)
at Linkedintestcases.linkedinlogintestcase.launchbrowser(linkedinlogintestcase.java:19)
at Linkedintestcases.linkedinlogintestcase.launchbrowser(linkedinlogintestcase.java:19)
at Linkedintestcases.linkedinlogintestcase.launchbrowser(linkedinlogintestcase.java:19)
at Linkedintestcases.linkedinlogintestcase.launchbrowser(linkedinlogintestcase.java:19)
at Linkedintestcases.linkedinlogintestcase.launchbrowser(linkedinlogintestcase.java:19)
at Linkedintestcases.linkedinlogintestcase.launchbrowser(linkedinlogintestcase.java:19)
at Linkedintestcases.linkedinlogintestcase.launchbrowser(linkedinlogintestcase.java:19)
at Linkedintestcases.linkedinlogintestcase.launchbrowser(linkedinlogintestcase.java:19)
at Linkedintestcases.linkedinlogintestcase.launchbrowser(linkedinlogintestcase.java:19)
at Linkedintestcases.linkedinlogintestcase.launchbrowser(linkedinlogintestcase.java:19)
at Linkedintestcases.linkedinlogintestcase.launchbrowser(linkedinlogintestcase.java:19)
at Linkedintestcases.linkedinlogintestcase.launchbrowser(linkedinlogintestcase.java:19)
at Linkedintestcases.linkedinlogintestcase.launchbrowser(linkedinlogintestcase.java:19)
at Linkedintestcases.linkedinlogintestcase.launchbrowser(linkedinlogintestcase.java:19)
at Linkedintestcases.linkedinlogintestcase.launchbrowser(linkedinlogintestcase.java:19)
at Linkedintestcases.linkedinlogintestcase.launchbrowser(linkedinlogintestcase.java:19)
at Linkedintestcases.linkedinlogintestcase.launchbrowser(linkedinlogintestcase.java:19)
at Linkedintestcases.linkedinlogintestcase.launchbrowser(linkedinlogintestcase.java:19)
at Linkedintestcases.linkedinlogintestcase.launchbrowser(linkedinlogintestcase.java:19)
at Linkedintestcases.linkedinlogintestcase.launchbrowser(linkedinlogintestcase.java:19)
at Linkedintestcases.linkedinlogintestcase.launchbrowser(linkedinlogintestcase.java:19)
at Linkedintestcases.linkedinlogintestcase.launchbrowser(linkedinlogintestcase.java:19)
at Linkedintestcases.linkedinlogintestcase.launchbrowser(linkedinlogintestcase.java:19)
at Linkedintestcases.linkedinlogintestcase.launchbrowser(linkedinlogintestcase.java:19)
at Linkedintestcases.linkedinlogintestcase.launchbrowser(linkedinlogintestcase.java:19)
at Linkedintestcases.linkedinlogintestcase.launchbrowser(linkedinlogintestcase.java:19)
at Linkedintestcases.linkedinlogintestcase.launchbrowser(linkedinlogintestcase.java:19)
at Linkedintestcases.linkedinlogintestcase.launchbrowser(linkedinlogintestcase.java:19)
at Linkedintestcases.linkedinlogintestcase.launchbrowser(linkedinlogintestcase.java:19)
at Linkedintestcases.linkedinlogintestcase.launchbrowser(linkedinlogintestcase.java:19)
at Linkedintestcases.linkedinlogintestcase.launchbrowser(linkedinlogintestcase.java:19)
at Linkedintestcases.linkedinlogintestcase.launchbrowser(linkedinlogintestcase.java:19)
at Linkedintestcases.linkedinlogintestcase.launchbrowser(linkedinlogintestcase.java:19)
at Linkedintestcases.linkedinlogintestcase.launchbrowser(linkedinlogintestcase.java:19)
at Linkedintestcases.linkedinlogintestcase.launchbrowser(linkedinlogintestcase.java:19)
at Linkedintestcases.linkedinlogintestcase.launchbrowser(linkedinlogintestcase.java:19)
at Linkedintestcases.linkedinlogintestcase.launchbrowser(linkedinlogintestcase.java:19)
at Linkedintestcases.linkedinlogintestcase.launchbrowser(linkedinlogintestcase.java:19)
at Linkedintestcases.linkedinlogintestcase.launchbrowser(linkedinlogintestcase.java:19)
at Linkedintestcases.linkedinlogintestcase.launchbrowser(linkedinlogintestcase.java:19)
at Linkedintestcases.linkedinlogintestcase.launchbrowser(linkedinlogintestcase.java:19)
at Linkedintestcases.linkedinlogintestcase.launchbrowser(linkedinlogintestcase.java:19)
at Linkedintestcases.linkedinlogintestcase.launchbrowser(linkedinlogintestcase.java:19)
at Linkedintestcases.linkedinlogintestcase.launchbrowser(linkedinlogintestcase.java:19)
at Linkedintestcases.linkedinlogintestcase.launchbrowser(linkedinlogintestcase.java:19)
at Linkedintestcases.linkedinlogintestcase.launchbrowser(linkedinlogintestcase.java:19)
at Linkedintestcases.linkedinlogintestcase.launchbrowser(linkedinlogintestcase.java:19)
at Linkedintestcases.linkedinlogintestcase.launchbrowser(linkedinlogintestcase.java:19)
at Linkedintestcases.linkedinlogintestcase.launchbrowser(linkedinlogintestcase.java:19)
at Linkedintestcases.linkedinlogintestcase.launchbrowser(linkedinlogintestcase.java:19)
at Linkedintestcases.linkedinlogintestcase.launchbrowser(linkedinlogintestcase.java:19)
at Linkedintestcases.linkedinlogintestcase.launchbrowser(linkedinlogintestcase.java:19)
at Linkedintestcases.linkedinlogintestcase.launchbrowser(linkedinlogintestcase.java:19)
at Linkedintestcases.linkedinlogintestcase.launchbrowser(linkedinlogintestcase.java:19)
at Linkedintestcases.linkedinlogintestcase.launchbrowser(linkedinlogintestcase.java:19)
at Linkedintestcases.linkedinlogintestcase.launchbrowser(linkedinlogintestcase.java:19)
at Linkedintestcases.linkedinlogintestcase.launchbrowser(linkedinlogintestcase.java:19)
at Linkedintestcases.linkedinlogintestcase.launchbrowser(linkedinlogintestcase.java:19)
at Linkedintestcases.linkedinlogintestcase.launchbrowser(linkedinlogintestcase.java:19)
at Linkedintestcases.linkedinlogintestcase.launchbrowser(linkedinlogintestcase.java:19)
at Linkedintestcases.linkedinlogintestcase.launchbrowser(linkedinlogintestcase.java:19)
at Linkedintestcases.linkedinlogintestcase.launchbrowser(linkedinlogintestcase.java:19)
at Linkedintestcases.linkedinlogintestcase.launchbrowser(linkedinlogintestcase.java:19)
at Linkedintestcases.linkedinlogintestcase.launchbrowser(linkedinlogintestcase.java:19)
at Linkedintestcases.linkedinlogintestcase.launchbrowser(linkedinlogintestcase.java:19)
at Linkedintestcases.linkedinlogintestcase.launchbrowser(linkedinlogintestcase.java:19)
at Linkedintestcases.linkedinlogintestcase.launchbrowser(linkedinlogintestcase.java:19)
at Linkedintestcases.linkedinlogintestcase.launchbrowser(linkedinlogintestcase.java:19)
at Linkedintestcases.linkedinlogintestcase.launchbrowser(linkedinlogintestcase.java:19)
at Linkedintestcases.linkedinlogintestcase.launchbrowser(linkedinlogintestcase.java:19)
at Linkedintestcases.linkedinlogintestcase.launchbrowser(linkedinlogintestcase.java:19)
at Linkedintestcases.linkedinlogintestcase.launchbrowser(linkedinlogintestcase.java:19)
at Linkedintestcases.linkedinlogintestcase.launchbrowser(linkedinlogintestcase.java:19)
at Linkedintestcases.linkedinlogintestcase.launchbrowser(linkedinlogintestcase.java:19)
at Linkedintestcases.linkedinlogintestcase.launchbrowser(linkedinlogintestcase.java:19)
at Linkedintestcases.linkedinlogintestcase.launchbrowser(linkedinlogintestcase.java:19)
at Linkedintestcases.linkedinlogintestcase.launchbrowser(linkedinlogintestcase.java:19)
at Linkedintestcases.linkedinlogintestcase.launchbrowser(linkedinlogintestcase.java:19)
at Linkedintestcases.linkedinlogintestcase.launchbrowser(linkedinlogintestcase.java:19)
at Linkedintestcases.linkedinlogintestcase.launchbrowser(linkedinlogintestcase.java:19)
at Linkedintestcases.linkedinlogintestcase.launchbrowser(linkedinlogintestcase.java:19)
at Linkedintestcases.linkedinlogintestcase.launchbrowser(linkedinlogintestcase.java:19)
at Linkedintestcases.linkedinlogintestcase.launchbrowser(linkedinlogintestcase.java:19)
at Linkedintestcases.linkedinlogintestcase.launchbrowser(linkedinlogintestcase.java:19)
at Linkedintestcases.linkedinlogintestcase.launchbrowser(linkedinlogintestcase.java:19)
at Linkedintestcases.linkedinlogintestcase.launchbrowser(linkedinlogintestcase.java:19)
at Linkedintestcases.linkedinlogintestcase.launchbrowser(linkedinlogintestcase.java:19)
at Linkedintestcases.linkedinlogintestcase.launchbrowser(linkedinlogintestcase.java:19)
at Linkedintestcases.linkedinlogintestcase.launchbrowser(linkedinlogintestcase.java:19)
at Linkedintestcases.linkedinlogintestcase.launchbrowser(linkedinlogintestcase.java:19)
at Linkedintestcases.linkedinlogintestcase.launchbrowser(linkedinlogintestcase.java:19)
at Linkedintestcases.linkedinlogintestcase.launchbrowser(linkedinlogintestcase.java:19)
at Linkedintestcases.linkedinlogintestcase.launchbrowser(linkedinlogintestcase.java:19)
at Linkedintestcases.linkedinlogintestcase.launchbrowser(linkedinlogintestcase.java:19)
at Linkedintestcases.linkedinlogintestcase.launchbrowser(linkedinlogintestcase.java:19)
at Linkedintestcases.linkedinlogintestcase.launchbrowser(linkedinlogintestcase.java:19)
at Linkedintestcases.linkedinlogintestcase.launchbrowser(linkedinlogintestcase.java:19)
at Linkedintestcases.linkedinlogintestcase.launchbrowser(linkedinlogintestcase.java:19)
at Linkedintestcases.linkedinlogintestcase.launchbrowser(linkedinlogintestcase.java:19)
at Linkedintestcases.linkedinlogintestcase.launchbrowser(linkedinlogintestcase.java:19)
at Linkedintestcases.linkedinlogintestcase.launchbrowser(linkedinlogintestcase.java:19)
at Linkedintestcases.linkedinlogintestcase.launchbrowser(linkedinlogintestcase.java:19)
at Linkedintestcases.linkedinlogintestcase.launchbrowser(linkedinlogintestcase.java:19)
at Linkedintestcases.linkedinlogintestcase.launchbrowser(linkedinlogintestcase.java:19)
at Linkedintestcases.linkedinlogintestcase.launchbrowser(linkedinlogintestcase.java:19)
at Linkedintestcases.linkedinlogintestcase.launchbrowser(linkedinlogintestcase.java:19)
at Linkedintestcases.linkedinlogintestcase.launchbrowser(linkedinlogintestcase.java:19)
at Linkedintestcases.linkedinlogintestcase.launchbrowser(linkedinlogintestcase.java:19)
at Linkedintestcases.linkedinlogintestcase.launchbrowser(linkedinlogintestcase.java:19)
at Linkedintestcases.linkedinlogintestcase.launchbrowser(linkedinlogintestcase.java:19)
at Linkedintestcases.linkedinlogintestcase.launchbrowser(linkedinlogintestcase.java:19)
at Linkedintestcases.linkedinlogintestcase.launchbrowser(linkedinlogintestcase.java:19)
at Linkedintestcases.linkedinlogintestcase.launchbrowser(linkedinlogintestcase.java:19)
at Linkedintestcases.linkedinlogintestcase.launchbrowser(linkedinlogintestcase.java:19)
at Linkedintestcases.linkedinlogintestcase.launchbrowser(linkedinlogintestcase.java:19)
at Linkedintestcases.linkedinlogintestcase.launchbrowser(linkedinlogintestcase.java:19)
at Linkedintestcases.linkedinlogintestcase.launchbrowser(linkedinlogintestcase.java:19)
at Linkedintestcases.linkedinlogintestcase.launchbrowser(linkedinlogintestcase.java:19)
at Linkedintestcases.linkedinlogintestcase.launchbrowser(linkedinlogintestcase.java:19)
at Linkedintestcases.linkedinlogintestcase.launchbrowser(linkedinlogintestcase.java:19)
at Linkedintestcases.linkedinlogintestcase.launchbrowser(linkedinlogintestcase.java:19)
at Linkedintestcases.linkedinlogintestcase.launchbrowser(linkedinlogintestcase.java:19)
at Linkedintestcases.linkedinlogintestcase.launchbrowser(linkedinlogintestcase.java:19)
at Linkedintestcases.linkedinlogintestcase.launchbrowser(linkedinlogintestcase.java:19)
at Linkedintestcases.linkedinlogintestcase.launchbrowser(linkedinlogintestcase.java:19)
at Linkedintestcases.linkedinlogintestcase.launchbrowser(linkedinlogintestcase.java:19)
at Linkedintestcases.linkedinlogintestcase.launchbrowser(linkedinlogintestcase.java:19)
at Linkedintestcases.linkedinlogintestcase.launchbrowser(linkedinlogintestcase.java:19)
at Linkedintestcases.linkedinlogintestcase.launchbrowser(linkedinlogintestcase.java:19)
at Linkedintestcases.linkedinlogintestcase.launchbrowser(linkedinlogintestcase.java:19)
at Linkedintestcases.linkedinlogintestcase.launchbrowser(linkedinlogintestcase.java:19)
at Linkedintestcases.linkedinlogintestcase.launchbrowser(linkedinlogintestcase.java:19)
at Linkedintestcases.linkedinlogintestcase.launchbrowser(linkedinlogintestcase.java:19)
at Linkedintestcases.linkedinlogintestcase.launchbrowser(linkedinlogintestcase.java:19)
at Linkedintestcases.linkedinlogintestcase.launchbrowser(linkedinlogintestcase.java:19)
at Linkedintestcases.linkedinlogintestcase.launchbrowser(linkedinlogintestcase.java:19)
at Linkedintestcases.linkedinlogintestcase.launchbrowser(linkedinlogintestcase.java:19)
at Linkedintestcases.linkedinlogintestcase.launchbrowser(linkedinlogintestcase.java:19)
at Linkedintestcases.linkedinlogintestcase.launchbrowser(linkedinlogintestcase.java:19)
at Linkedintestcases.linkedinlogintestcase.launchbrowser(linkedinlogintestcase.java:19)
at Linkedintestcases.linkedinlogintestcase.launchbrowser(linkedinlogintestcase.java:19)
at Linkedintestcases.linkedinlogintestcase.launchbrowser(linkedinlogintestcase.java:19)
at Linkedintestcases.linkedinlogintestcase.launchbrowser(linkedinlogintestcase.java:19)
at Linkedintestcases.linkedinlogintestcase.launchbrowser(linkedinlogintestcase.java:19)
at Linkedintestcases.linkedinlogintestcase.launchbrowser(linkedinlogintestcase.java:19)
at Linkedintestcases.linkedinlogintestcase.launchbrowser(linkedinlogintestcase.java:19)
at Linkedintestcases.linkedinlogintestcase.launchbrowser(linkedinlogintestcase.java:19)
at Linkedintestcases.linkedinlogintestcase.launchbrowser(linkedinlogintestcase.java:19)
at Linkedintestcases.linkedinlogintestcase.launchbrowser(linkedinlogintestcase.java:19)
at Linkedintestcases.linkedinlogintestcase.launchbrowser(linkedinlogintestcase.java:19)
at Linkedintestcases.linkedinlogintestcase.launchbrowser(linkedinlogintestcase.java:19)
at Linkedintestcases.linkedinlogintestcase.launchbrowser(linkedinlogintestcase.java:19)
at Linkedintestcases.linkedinlogintestcase.launchbrowser(linkedinlogintestcase.java:19)
at Linkedintestcases.linkedinlogintestcase.launchbrowser(linkedinlogintestcase.java:19)
at Linkedintestcases.linkedinlogintestcase.launchbrowser(linkedinlogintestcase.java:19)
at Linkedintestcases.linkedinlogintestcase.launchbrowser(linkedinlogintestcase.java:19)
at Linkedintestcases.linkedinlogintestcase.launchbrowser(linkedinlogintestcase.java:19)
at Linkedintestcases.linkedinlogintestcase.launchbrowser(linkedinlogintestcase.java:19)
at Linkedintestcases.linkedinlogintestcase.launchbrowser(linkedinlogintestcase.java:19)
at Linkedintestcases.linkedinlogintestcase.launchbrowser(linkedinlogintestcase.java:19)
at Linkedintestcases.linkedinlogintestcase.launchbrowser(linkedinlogintestcase.java:19)
at Linkedintestcases.linkedinlogintestcase.launchbrowser(linkedinlogintestcase.java:19)
at Linkedintestcases.linkedinlogintestcase.launchbrowser(linkedinlogintestcase.java:19)
at Linkedintestcases.linkedinlogintestcase.launchbrowser(linkedinlogintestcase.java:19)
at Linkedintestcases.linkedinlogintestcase.launchbrowser(linkedinlogintestcase.java:19)
at Linkedintestcases.linkedinlogintestcase.launchbrowser(linkedinlogintestcase.java:19)
at Linkedintestcases.linkedinlogintestcase.launchbrowser(linkedinlogintestcase.java:19)
at Linkedintestcases.linkedinlogintestcase.launchbrowser(linkedinlogintestcase.java:19)
at Linkedintestcases.linkedinlogintestcase.launchbrowser(linkedinlogintestcase.java:19)
at Linkedintestcases.linkedinlogintestcase.launchbrowser(linkedinlogintestcase.java:19)
at Linkedintestcases.linkedinlogintestcase.launchbrowser(linkedinlogintestcase.java:19)
at Linkedintestcases.linkedinlogintestcase.launchbrowser(linkedinlogintestcase.java:19)
at Linkedintestcases.linkedinlogintestcase.launchbrowser(linkedinlogintestcase.java:19)
at Linkedintestcases.linkedinlogintestcase.launchbrowser(linkedinlogintestcase.java:19)
at Linkedintestcases.linkedinlogintestcase.launchbrowser(linkedinlogintestcase.java:19)
at Linkedintestcases.linkedinlogintestcase.launchbrowser(linkedinlogintestcase.java:19)
at Linkedintestcases.linkedinlogintestcase.launchbrowser(linkedinlogintestcase.java:19)
at Linkedintestcases.linkedinlogintestcase.launchbrowser(linkedinlogintestcase.java:19)
at Linkedintestcases.linkedinlogintestcase.launchbrowser(linkedinlogintestcase.java:19)
at Linkedintestcases.linkedinlogintestcase.launchbrowser(linkedinlogintestcase.java:19)
at Linkedintestcases.linkedinlogintestcase.launchbrowser(linkedinlogintestcase.java:19)
at Linkedintestcases.linkedinlogintestcase.launchbrowser(linkedinlogintestcase.java:19)
at Linkedintestcases.linkedinlogintestcase.launchbrowser(linkedinlogintestcase.java:19)
at Linkedintestcases.linkedinlogintestcase.launchbrowser(linkedinlogintestcase.java:19)
at Linkedintestcases.linkedinlogintestcase.launchbrowser(linkedinlogintestcase.java:19)
at Linkedintestcases.linkedinlogintestcase.launchbrowser(linkedinlogintestcase.java:19)
at Linkedintestcases.linkedinlogintestcase.launchbrowser(linkedinlogintestcase.java:19)
at Linkedintestcases.linkedinlogintestcase.launchbrowser(linkedinlogintestcase.java:19)
at Linkedintestcases.linkedinlogintestcase.launchbrowser(linkedinlogintestcase.java:19)
at Linkedintestcases.linkedinlogintestcase.launchbrowser(linkedinlogintestcase.java:19)
at Linkedintestcases.linkedinlogintestcase.launchbrowser(linkedinlogintestcase.java:19)
at Linkedintestcases.linkedinlogintestcase.launchbrowser(linkedinlogintestcase.java:19)
at Linkedintestcases.linkedinlogintestcase.launchbrowser(linkedinlogintestcase.java:19)
at Linkedintestcases.linkedinlogintestcase.launchbrowser(linkedinlogintestcase.java:19)
at Linkedintestcases.linkedinlogintestcase.launchbrowser(linkedinlogintestcase.java:19)
at Linkedintestcases.linkedinlogintestcase.launchbrowser(linkedinlogintestcase.java:19)
at Linkedintestcases.linkedinlogintestcase.launchbrowser(linkedinlogintestcase.java:19)
at Linkedintestcases.linkedinlogintestcase.launchbrowser(linkedinlogintestcase.java:19)
at Linkedintestcases.linkedinlogintestcase.launchbrowser(linkedinlogintestcase.java:19)
at Linkedintestcases.linkedinlogintestcase.launchbrowser(linkedinlogintestcase.java:19)
at Linkedintestcases.linkedinlogintestcase.launchbrowser(linkedinlogintestcase.java:19)
at Linkedintestcases.linkedinlogintestcase.launchbrowser(linkedinlogintestcase.java:19)
at Linkedintestcases.linkedinlogintestcase.launchbrowser(linkedinlogintestcase.java:19)
at Linkedintestcases.linkedinlogintestcase.launchbrowser(linkedinlogintestcase.java:19)
at Linkedintestcases.linkedinlogintestcase.launchbrowser(linkedinlogintestcase.java:19)
at Linkedintestcases.linkedinlogintestcase.launchbrowser(linkedinlogintestcase.java:19)
at Linkedintestcases.linkedinlogintestcase.launchbrowser(linkedinlogintestcase.java:19)
at Linkedintestcases.linkedinlogintestcase.launchbrowser(linkedinlogintestcase.java:19)
at Linkedintestcases.linkedinlogintestcase.launchbrowser(linkedinlogintestcase.java:19)
at Linkedintestcases.linkedinlogintestcase.launchbrowser(linkedinlogintestcase.java:19)
at Linkedintestcases.linkedinlogintestcase.launchbrowser(linkedinlogintestcase.java:19)
at Linkedintestcases.linkedinlogintestcase.launchbrowser(linkedinlogintestcase.java:19)
at Linkedintestcases.linkedinlogintestcase.launchbrowser(linkedinlogintestcase.java:19)
at Linkedintestcases.linkedinlogintestcase.launchbrowser(linkedinlogintestcase.java:19)
at Linkedintestcases.linkedinlogintestcase.launchbrowser(linkedinlogintestcase.java:19)
at Linkedintestcases.linkedinlogintestcase.launchbrowser(linkedinlogintestcase.java:19)
at Linkedintestcases.linkedinlogintestcase.launchbrowser(linkedinlogintestcase.java:19)
at Linkedintestcases.linkedinlogintestcase.launchbrowser(linkedinlogintestcase.java:19)
at Linkedintestcases.linkedinlogintestcase.launchbrowser(linkedinlogintestcase.java:19)
at Linkedintestcases.linkedinlogintestcase.launchbrowser(linkedinlogintestcase.java:19)
at Linkedintestcases.linkedinlogintestcase.launchbrowser(linkedinlogintestcase.java:19)
at Linkedintestcases.linkedinlogintestcase.launchbrowser(linkedinlogintestcase.java:19)
at Linkedintestcases.linkedinlogintestcase.launchbrowser(linkedinlogintestcase.java:19)
at Linkedintestcases.linkedinlogintestcase.launchbrowser(linkedinlogintestcase.java:19)
at Linkedintestcases.linkedinlogintestcase.launchbrowser(linkedinlogintestcase.java:19)
at Linkedintestcases.linkedinlogintestcase.launchbrowser(linkedinlogintestcase.java:19)
at Linkedintestcases.linkedinlogintestcase.launchbrowser(linkedinlogintestcase.java:19)
at Linkedintestcases.linkedinlogintestcase.launchbrowser(linkedinlogintestcase.java:19)
at Linkedintestcases.linkedinlogintestcase.launchbrowser(linkedinlogintestcase.java:19)
at Linkedintestcases.linkedinlogintestcase.launchbrowser(linkedinlogintestcase.java:19)
at Linkedintestcases.linkedinlogintestcase.launchbrowser(linkedinlogintestcase.java:19)
at Linkedintestcases.linkedinlogintestcase.launchbrowser(linkedinlogintestcase.java:19)
at Linkedintestcases.linkedinlogintestcase.launchbrowser(linkedinlogintestcase.java:19)
at Linkedintestcases.linkedinlogintestcase.launchbrowser(linkedinlogintestcase.java:19)
at Linkedintestcases.linkedinlogintestcase.launchbrowser(linkedinlogintestcase.java:19)
at Linkedintestcases.linkedinlogintestcase.launchbrowser(linkedinlogintestcase.java:19)
at Linkedintestcases.linkedinlogintestcase.launchbrowser(linkedinlogintestcase.java:19)
at Linkedintestcases.linkedinlogintestcase.launchbrowser(linkedinlogintestcase.java:19)
at Linkedintestcases.linkedinlogintestcase.launchbrowser(linkedinlogintestcase.java:19)
at Linkedintestcases.linkedinlogintestcase.launchbrowser(linkedinlogintestcase.java:19)
at Linkedintestcases.linkedinlogintestcase.launchbrowser(linkedinlogintestcase.java:19)
at Linkedintestcases.linkedinlogintestcase.launchbrowser(linkedinlogintestcase.java:19)
at Linkedintestcases.linkedinlogintestcase.launchbrowser(linkedinlogintestcase.java:19)
at Linkedintestcases.linkedinlogintestcase.launchbrowser(linkedinlogintestcase.java:19)
at Linkedintestcases.linkedinlogintestcase.launchbrowser(linkedinlogintestcase.java:19)
at Linkedintestcases.linkedinlogintestcase.launchbrowser(linkedinlogintestcase.java:19)
at Linkedintestcases.linkedinlogintestcase.launchbrowser(linkedinlogintestcase.java:19)
at Linkedintestcases.linkedinlogintestcase.launchbrowser(linkedinlogintestcase.java:19)
at Linkedintestcases.linkedinlogintestcase.launchbrowser(linkedinlogintestcase.java:19)
at Linkedintestcases.linkedinlogintestcase.launchbrowser(linkedinlogintestcase.java:19)
at Linkedintestcases.linkedinlogintestcase.launchbrowser(linkedinlogintestcase.java:19)
at Linkedintestcases.linkedinlogintestcase.launchbrowser(linkedinlogintestcase.java:19)
at Linkedintestcases.linkedinlogintestcase.launchbrowser(linkedinlogintestcase.java:19)
at Linkedintestcases.linkedinlogintestcase.launchbrowser(linkedinlogintestcase.java:19)
at Linkedintestcases.linkedinlogintestcase.launchbrowser(linkedinlogintestcase.java:19)
at Linkedintestcases.linkedinlogintestcase.launchbrowser(linkedinlogintestcase.java:19)
at Linkedintestcases.linkedinlogintestcase.launchbrowser(linkedinlogintestcase.java:19)
at Linkedintestcases.linkedinlogintestcase.launchbrowser(linkedinlogintestcase.java:19)
at Linkedintestcases.linkedinlogintestcase.launchbrowser(linkedinlogintestcase.java:19)
at Linkedintestcases.linkedinlogintestcase.launchbrowser(linkedinlogintestcase.java:19)
at Linkedintestcases.linkedinlogintestcase.launchbrowser(linkedinlogintestcase.java:19)
at Linkedintestcases.linkedinlogintestcase.launchbrowser(linkedinlogintestcase.java:19)
at Linkedintestcases.linkedinlogintestcase.launchbrowser(linkedinlogintestcase.java:19)
at Linkedintestcases.linkedinlogintestcase.launchbrowser(linkedinlogintestcase.java:19)
at Linkedintestcases.linkedinlogintestcase.launchbrowser(linkedinlogintestcase.java:19)
at Linkedintestcases.linkedinlogintestcase.launchbrowser(linkedinlogintestcase.java:19)
at Linkedintestcases.linkedinlogintestcase.launchbrowser(linkedinlogintestcase.java:19)
at Linkedintestcases.linkedinlogintestcase.launchbrowser(linkedinlogintestcase.java:19)
at Linkedintestcases.linkedinlogintestcase.launchbrowser(linkedinlogintestcase.java:19)
at Linkedintestcases.linkedinlogintestcase.launchbrowser(linkedinlogintestcase.java:19)
at Linkedintestcases.linkedinlogintestcase.launchbrowser(linkedinlogintestcase.java:19)
at Linkedintestcases.linkedinlogintestcase.launchbrowser(linkedinlogintestcase.java:19)
at Linkedintestcases.linkedinlogintestcase.launchbrowser(linkedinlogintestcase.java:19)
at Linkedintestcases.linkedinlogintestcase.launchbrowser(linkedinlogintestcase.java:19)
at Linkedintestcases.linkedinlogintestcase.launchbrowser(linkedinlogintestcase.java:19)
at Linkedintestcases.linkedinlogintestcase.launchbrowser(linkedinlogintestcase.java:19)
at Linkedintestcases.linkedinlogintestcase.launchbrowser(linkedinlogintestcase.java:19)
at Linkedintestcases.linkedinlogintestcase.launchbrowser(linkedinlogintestcase.java:19)
at Linkedintestcases.linkedinlogintestcase.launchbrowser(linkedinlogintestcase.java:19)
at Linkedintestcases.linkedinlogintestcase.launchbrowser(linkedinlogintestcase.java:19)
at Linkedintestcases.linkedinlogintestcase.launchbrowser(linkedinlogintestcase.java:19)
at Linkedintestcases.linkedinlogintestcase.launchbrowser(linkedinlogintestcase.java:19)
at Linkedintestcases.linkedinlogintestcase.launchbrowser(linkedinlogintestcase.java:19)
at Linkedintestcases.linkedinlogintestcase.launchbrowser(linkedinlogintestcase.java:19)
at Linkedintestcases.linkedinlogintestcase.launchbrowser(linkedinlogintestcase.java:19)
at Linkedintestcases.linkedinlogintestcase.launchbrowser(linkedinlogintestcase.java:19)
at Linkedintestcases.linkedinlogintestcase.launchbrowser(linkedinlogintestcase.java:19)
at Linkedintestcases.linkedinlogintestcase.launchbrowser(linkedinlogintestcase.java:19)
at Linkedintestcases.linkedinlogintestcase.launchbrowser(linkedinlogintestcase.java:19)
at Linkedintestcases.linkedinlogintestcase.launchbrowser(linkedinlogintestcase.java:19)
at Linkedintestcases.linkedinlogintestcase.launchbrowser(linkedinlogintestcase.java:19)
at Linkedintestcases.linkedinlogintestcase.launchbrowser(linkedinlogintestcase.java:19)
at Linkedintestcases.linkedinlogintestcase.launchbrowser(linkedinlogintestcase.java:19)
at Linkedintestcases.linkedinlogintestcase.launchbrowser(linkedinlogintestcase.java:19)
at Linkedintestcases.linkedinlogintestcase.launchbrowser(linkedinlogintestcase.java:19)
at Linkedintestcases.linkedinlogintestcase.launchbrowser(linkedinlogintestcase.java:19)
at Linkedintestcases.linkedinlogintestcase.launchbrowser(linkedinlogintestcase.java:19)
at Linkedintestcases.linkedinlogintestcase.launchbrowser(linkedinlogintestcase.java:19)
at Linkedintestcases.linkedinlogintestcase.launchbrowser(linkedinlogintestcase.java:19)
at Linkedintestcases.linkedinlogintestcase.launchbrowser(linkedinlogintestcase.java:19)
at Linkedintestcases.linkedinlogintestcase.launchbrowser(linkedinlogintestcase.java:19)
at Linkedintestcases.linkedinlogintestcase.launchbrowser(linkedinlogintestcase.java:19)
at Linkedintestcases.linkedinlogintestcase.launchbrowser(linkedinlogintestcase.java:19)
at Linkedintestcases.linkedinlogintestcase.launchbrowser(linkedinlogintestcase.java:19)
at Linkedintestcases.linkedinlogintestcase.launchbrowser(linkedinlogintestcase.java:19)
at Linkedintestcases.linkedinlogintestcase.launchbrowser(linkedinlogintestcase.java:19)
at Linkedintestcases.linkedinlogintestcase.launchbrowser(linkedinlogintestcase.java:19)
at Linkedintestcases.linkedinlogintestcase.launchbrowser(linkedinlogintestcase.java:19)
at Linkedintestcases.linkedinlogintestcase.launchbrowser(linkedinlogintestcase.java:19)
at Linkedintestcases.linkedinlogintestcase.launchbrowser(linkedinlogintestcase.java:19)
at Linkedintestcases.linkedinlogintestcase.launchbrowser(linkedinlogintestcase.java:19)
at Linkedintestcases.linkedinlogintestcase.launchbrowser(linkedinlogintestcase.java:19)
at Linkedintestcases.linkedinlogintestcase.launchbrowser(linkedinlogintestcase.java:19)
at Linkedintestcases.linkedinlogintestcase.launchbrowser(linkedinlogintestcase.java:19)
at Linkedintestcases.linkedinlogintestcase.launchbrowser(linkedinlogintestcase.java:19)
at Linkedintestcases.linkedinlogintestcase.launchbrowser(linkedinlogintestcase.java:19)
at Linkedintestcases.linkedinlogintestcase.launchbrowser(linkedinlogintestcase.java:19)
at Linkedintestcases.linkedinlogintestcase.launchbrowser(linkedinlogintestcase.java:19)
at Linkedintestcases.linkedinlogintestcase.launchbrowser(linkedinlogintestcase.java:19)
at Linkedintestcases.linkedinlogintestcase.launchbrowser(linkedinlogintestcase.java:19)
at Linkedintestcases.linkedinlogintestcase.launchbrowser(linkedinlogintestcase.java:19)
at Linkedintestcases.linkedinlogintestcase.launchbrowser(linkedinlogintestcase.java:19)
at Linkedintestcases.linkedinlogintestcase.launchbrowser(linkedinlogintestcase.java:19)
at Linkedintestcases.linkedinlogintestcase.launchbrowser(linkedinlogintestcase.java:19)
at Linkedintestcases.linkedinlogintestcase.launchbrowser(linkedinlogintestcase.java:19)
at Linkedintestcases.linkedinlogintestcase.launchbrowser(linkedinlogintestcase.java:19)
at Linkedintestcases.linkedinlogintestcase.launchbrowser(linkedinlogintestcase.java:19)
at Linkedintestcases.linkedinlogintestcase.launchbrowser(linkedinlogintestcase.java:19)
at Linkedintestcases.linkedinlogintestcase.launchbrowser(linkedinlogintestcase.java:19)
at Linkedintestcases.linkedinlogintestcase.launchbrowser(linkedinlogintestcase.java:19)
at Linkedintestcases.linkedinlogintestcase.launchbrowser(linkedinlogintestcase.java:19)
at Linkedintestcases.linkedinlogintestcase.launchbrowser(linkedinlogintestcase.java:19)
at Linkedintestcases.linkedinlogintestcase.launchbrowser(linkedinlogintestcase.java:19)
at Linkedintestcases.linkedinlogintestcase.launchbrowser(linkedinlogintestcase.java:19)
at Linkedintestcases.linkedinlogintestcase.launchbrowser(linkedinlogintestcase.java:19)
at Linkedintestcases.linkedinlogintestcase.launchbrowser(linkedinlogintestcase.java:19)
at Linkedintestcases.linkedinlogintestcase.launchbrowser(linkedinlogintestcase.java:19)
at Linkedintestcases.linkedinlogintestcase.launchbrowser(linkedinlogintestcase.java:19)
at Linkedintestcases.linkedinlogintestcase.launchbrowser(linkedinlogintestcase.java:19)
at Linkedintestcases.linkedinlogintestcase.launchbrowser(linkedinlogintestcase.java:19)
at Linkedintestcases.linkedinlogintestcase.launchbrowser(linkedinlogintestcase.java:19)
at Linkedintestcases.linkedinlogintestcase.launchbrowser(linkedinlogintestcase.java:19)
at Linkedintestcases.linkedinlogintestcase.launchbrowser(linkedinlogintestcase.java:19)
at Linkedintestcases.linkedinlogintestcase.launchbrowser(linkedinlogintestcase.java:19)
at Linkedintestcases.linkedinlogintestcase.launchbrowser(linkedinlogintestcase.java:19)
at Linkedintestcases.linkedinlogintestcase.launchbrowser(linkedinlogintestcase.java:19)
at Linkedintestcases.linkedinlogintestcase.launchbrowser(linkedinlogintestcase.java:19)
at Linkedintestcases.linkedinlogintestcase.launchbrowser(linkedinlogintestcase.java:19)
at Linkedintestcases.linkedinlogintestcase.launchbrowser(linkedinlogintestcase.java:19)
at Linkedintestcases.linkedinlogintestcase.launchbrowser(linkedinlogintestcase.java:19)
at Linkedintestcases.linkedinlogintestcase.launchbrowser(linkedinlogintestcase.java:19)
at Linkedintestcases.linkedinlogintestcase.launchbrowser(linkedinlogintestcase.java:19)
at Linkedintestcases.linkedinlogintestcase.launchbrowser(linkedinlogintestcase.java:19)
at Linkedintestcases.linkedinlogintestcase.launchbrowser(linkedinlogintestcase.java:19)
at Linkedintestcases.linkedinlogintestcase.launchbrowser(linkedinlogintestcase.java:19)
at Linkedintestcases.linkedinlogintestcase.launchbrowser(linkedinlogintestcase.java:19)
at Linkedintestcases.linkedinlogintestcase.launchbrowser(linkedinlogintestcase.java:19)
at Linkedintestcases.linkedinlogintestcase.launchbrowser(linkedinlogintestcase.java:19)
at Linkedintestcases.linkedinlogintestcase.launchbrowser(linkedinlogintestcase.java:19)
at Linkedintestcases.linkedinlogintestcase.launchbrowser(linkedinlogintestcase.java:19)
at Linkedintestcases.linkedinlogintestcase.launchbrowser(linkedinlogintestcase.java:19)
at Linkedintestcases.linkedinlogintestcase.launchbrowser(linkedinlogintestcase.java:19)
at Linkedintestcases.linkedinlogintestcase.launchbrowser(linkedinlogintestcase.java:19)
at Linkedintestcases.linkedinlogintestcase.launchbrowser(linkedinlogintestcase.java:19)
at Linkedintestcases.linkedinlogintestcase.launchbrowser(linkedinlogintestcase.java:19)
at Linkedintestcases.linkedinlogintestcase.launchbrowser(linkedinlogintestcase.java:19)
at Linkedintestcases.linkedinlogintestcase.launchbrowser(linkedinlogintestcase.java:19)
at Linkedintestcases.linkedinlogintestcase.launchbrowser(linkedinlogintestcase.java:19)
at Linkedintestcases.linkedinlogintestcase.launchbrowser(linkedinlogintestcase.java:19)
at Linkedintestcases.linkedinlogintestcase.launchbrowser(linkedinlogintestcase.java:19)
at Linkedintestcases.linkedinlogintestcase.launchbrowser(linkedinlogintestcase.java:19)
at Linkedintestcases.linkedinlogintestcase.launchbrowser(linkedinlogintestcase.java:19)
at Linkedintestcases.linkedinlogintestcase.launchbrowser(linkedinlogintestcase.java:19)
at Linkedintestcases.linkedinlogintestcase.launchbrowser(linkedinlogintestcase.java:19)
at Linkedintestcases.linkedinlogintestcase.launchbrowser(linkedinlogintestcase.java:19)
at Linkedintestcases.linkedinlogintestcase.launchbrowser(linkedinlogintestcase.java:19)
at Linkedintestcases.linkedinlogintestcase.launchbrowser(linkedinlogintestcase.java:19)
at Linkedintestcases.linkedinlogintestcase.launchbrowser(linkedinlogintestcase.java:19)
at Linkedintestcases.linkedinlogintestcase.launchbrowser(linkedinlogintestcase.java:19)
at Linkedintestcases.linkedinlogintestcase.launchbrowser(linkedinlogintestcase.java:19)
at Linkedintestcases.linkedinlogintestcase.launchbrowser(linkedinlogintestcase.java:19)
at Linkedintestcases.linkedinlogintestcase.launchbrowser(linkedinlogintestcase.java:19)
at Linkedintestcases.linkedinlogintestcase.launchbrowser(linkedinlogintestcase.java:19)
at Linkedintestcases.linkedinlogintestcase.launchbrowser(linkedinlogintestcase.java:19)
at Linkedintestcases.linkedinlogintestcase.launchbrowser(linkedinlogintestcase.java:19)
at Linkedintestcases.linkedinlogintestcase.launchbrowser(linkedinlogintestcase.java:19)
at Linkedintestcases.linkedinlogintestcase.launchbrowser(linkedinlogintestcase.java:19)
at Linkedintestcases.linkedinlogintestcase.launchbrowser(linkedinlogintestcase.java:19)
at Linkedintestcases.linkedinlogintestcase.launchbrowser(linkedinlogintestcase.java:19)
at Linkedintestcases.linkedinlogintestcase.launchbrowser(linkedinlogintestcase.java:19)
at Linkedintestcases.linkedinlogintestcase.launchbrowser(linkedinlogintestcase.java:19)
at Linkedintestcases.linkedinlogintestcase.launchbrowser(linkedinlogintestcase.java:19)
at Linkedintestcases.linkedinlogintestcase.launchbrowser(linkedinlogintestcase.java:19)
at Linkedintestcases.linkedinlogintestcase.launchbrowser(linkedinlogintestcase.java:19)
at Linkedintestcases.linkedinlogintestcase.launchbrowser(linkedinlogintestcase.java:19)
at Linkedintestcases.linkedinlogintestcase.launchbrowser(linkedinlogintestcase.java:19)
at Linkedintestcases.linkedinlogintestcase.launchbrowser(linkedinlogintestcase.java:19)
at Linkedintestcases.linkedinlogintestcase.launchbrowser(linkedinlogintestcase.java:19)
at Linkedintestcases.linkedinlogintestcase.launchbrowser(linkedinlogintestcase.java:19)
at Linkedintestcases.linkedinlogintestcase.launchbrowser(linkedinlogintestcase.java:19)
at Linkedintestcases.linkedinlogintestcase.launchbrowser(linkedinlogintestcase.java:19)
at Linkedintestcases.linkedinlogintestcase.launchbrowser(linkedinlogintestcase.java:19)
at Linkedintestcases.linkedinlogintestcase.launchbrowser(linkedinlogintestcase.java:19)
at Linkedintestcases.linkedinlogintestcase.launchbrowser(linkedinlogintestcase.java:19)
at Linkedintestcases.linkedinlogintestcase.launchbrowser(linkedinlogintestcase.java:19)
at Linkedintestcases.linkedinlogintestcase.launchbrowser(linkedinlogintestcase.java:19)
at Linkedintestcases.linkedinlogintestcase.launchbrowser(linkedinlogintestcase.java:19)
at Linkedintestcases.linkedinlogintestcase.launchbrowser(linkedinlogintestcase.java:19)
at Linkedintestcases.linkedinlogintestcase.launchbrowser(linkedinlogintestcase.java:19)
at Linkedintestcases.linkedinlogintestcase.launchbrowser(linkedinlogintestcase.java:19)
at Linkedintestcases.linkedinlogintestcase.launchbrowser(linkedinlogintestcase.java:19)
at Linkedintestcases.linkedinlogintestcase.launchbrowser(linkedinlogintestcase.java:19)
at Linkedintestcases.linkedinlogintestcase.launchbrowser(linkedinlogintestcase.java:19)
at Linkedintestcases.linkedinlogintestcase.launchbrowser(linkedinlogintestcase.java:19)
at Linkedintestcases.linkedinlogintestcase.launchbrowser(linkedinlogintestcase.java:19)
at Linkedintestcases.linkedinlogintestcase.launchbrowser(linkedinlogintestcase.java:19)
at Linkedintestcases.linkedinlogintestcase.launchbrowser(linkedinlogintestcase.java:19)
at Linkedintestcases.linkedinlogintestcase.launchbrowser(linkedinlogintestcase.java:19)
at Linkedintestcases.linkedinlogintestcase.launchbrowser(linkedinlogintestcase.java:19)
at Linkedintestcases.linkedinlogintestcase.launchbrowser(linkedinlogintestcase.java:19)
at Linkedintestcases.linkedinlogintestcase.launchbrowser(linkedinlogintestcase.java:19)
at Linkedintestcases.linkedinlogintestcase.launchbrowser(linkedinlogintestcase.java:19)
at Linkedintestcases.linkedinlogintestcase.launchbrowser(linkedinlogintestcase.java:19)
at Linkedintestcases.linkedinlogintestcase.launchbrowser(linkedinlogintestcase.java:19)
at Linkedintestcases.linkedinlogintestcase.launchbrowser(linkedinlogintestcase.java:19)
at Linkedintestcases.linkedinlogintestcase.launchbrowser(linkedinlogintestcase.java:19)
at Linkedintestcases.linkedinlogintestcase.launchbrowser(linkedinlogintestcase.java:19)
at Linkedintestcases.linkedinlogintestcase.launchbrowser(linkedinlogintestcase.java:19)
at Linkedintestcases.linkedinlogintestcase.launchbrowser(linkedinlogintestcase.java:19)
at Linkedintestcases.linkedinlogintestcase.launchbrowser(linkedinlogintestcase.java:19)
at Linkedintestcases.linkedinlogintestcase.launchbrowser(linkedinlogintestcase.java:19)
at Linkedintestcases.linkedinlogintestcase.launchbrowser(linkedinlogintestcase.java:19)
at Linkedintestcases.linkedinlogintestcase.launchbrowser(linkedinlogintestcase.java:19)
at Linkedintestcases.linkedinlogintestcase.launchbrowser(linkedinlogintestcase.java:19)
at Linkedintestcases.linkedinlogintestcase.launchbrowser(linkedinlogintestcase.java:19)
at Linkedintestcases.linkedinlogintestcase.launchbrowser(linkedinlogintestcase.java:19)
at Linkedintestcases.linkedinlogintestcase.launchbrowser(linkedinlogintestcase.java:19)
at Linkedintestcases.linkedinlogintestcase.launchbrowser(linkedinlogintestcase.java:19)
at Linkedintestcases.linkedinlogintestcase.launchbrowser(linkedinlogintestcase.java:19)
at Linkedintestcases.linkedinlogintestcase.launchbrowser(linkedinlogintestcase.java:19)
at Linkedintestcases.linkedinlogintestcase.launchbrowser(linkedinlogintestcase.java:19)
at Linkedintestcases.linkedinlogintestcase.launchbrowser(linkedinlogintestcase.java:19)
at Linkedintestcases.linkedinlogintestcase.launchbrowser(linkedinlogintestcase.java:19)
at Linkedintestcases.linkedinlogintestcase.launchbrowser(linkedinlogintestcase.java:19)
at Linkedintestcases.linkedinlogintestcase.launchbrowser(linkedinlogintestcase.java:19)
at Linkedintestcases.linkedinlogintestcase.launchbrowser(linkedinlogintestcase.java:19)
at Linkedintestcases.linkedinlogintestcase.launchbrowser(linkedinlogintestcase.java:19)
at Linkedintestcases.linkedinlogintestcase.launchbrowser(linkedinlogintestcase.java:19)
at Linkedintestcases.linkedinlogintestcase.launchbrowser(linkedinlogintestcase.java:19)
at Linkedintestcases.linkedinlogintestcase.launchbrowser(linkedinlogintestcase.java:19)
at Linkedintestcases.linkedinlogintestcase.launchbrowser(linkedinlogintestcase.java:19)
at Linkedintestcases.linkedinlogintestcase.launchbrowser(linkedinlogintestcase.java:19)
at Linkedintestcases.linkedinlogintestcase.launchbrowser(linkedinlogintestcase.java:19)
at Linkedintestcases.linkedinlogintestcase.launchbrowser(linkedinlogintestcase.java:19)
at Linkedintestcases.linkedinlogintestcase.launchbrowser(linkedinlogintestcase.java:19)
at Linkedintestcases.linkedinlogintestcase.launchbrowser(linkedinlogintestcase.java:19)
at Linkedintestcases.linkedinlogintestcase.launchbrowser(linkedinlogintestcase.java:19)
at Linkedintestcases.linkedinlogintestcase.launchbrowser(linkedinlogintestcase.java:19)
at Linkedintestcases.linkedinlogintestcase.launchbrowser(linkedinlogintestcase.java:19)
at Linkedintestcases.linkedinlogintestcase.launchbrowser(linkedinlogintestcase.java:19)
at Linkedintestcases.linkedinlogintestcase.launchbrowser(linkedinlogintestcase.java:19)
at Linkedintestcases.linkedinlogintestcase.launchbrowser(linkedinlogintestcase.java:19)
at Linkedintestcases.linkedinlogintestcase.launchbrowser(linkedinlogintestcase.java:19)
at Linkedintestcases.linkedinlogintestcase.launchbrowser(linkedinlogintestcase.java:19)
at Linkedintestcases.linkedinlogintestcase.launchbrowser(linkedinlogintestcase.java:19)
at Linkedintestcases.linkedinlogintestcase.launchbrowser(linkedinlogintestcase.java:19)
at Linkedintestcases.linkedinlogintestcase.launchbrowser(linkedinlogintestcase.java:19)
at Linkedintestcases.linkedinlogintestcase.launchbrowser(linkedinlogintestcase.java:19)
at Linkedintestcases.linkedinlogintestcase.launchbrowser(linkedinlogintestcase.java:19)
at Linkedintestcases.linkedinlogintestcase.launchbrowser(linkedinlogintestcase.java:19)
at Linkedintestcases.linkedinlogintestcase.launchbrowser(linkedinlogintestcase.java:19)
at Linkedintestcases.linkedinlogintestcase.launchbrowser(linkedinlogintestcase.java:19)
at Linkedintestcases.linkedinlogintestcase.launchbrowser(linkedinlogintestcase.java:19)
at Linkedintestcases.linkedinlogintestcase.launchbrowser(linkedinlogintestcase.java:19)
at Linkedintestcases.linkedinlogintestcase.launchbrowser(linkedinlogintestcase.java:19)
at Linkedintestcases.linkedinlogintestcase.launchbrowser(linkedinlogintestcase.java:19)
at Linkedintestcases.linkedinlogintestcase.launchbrowser(linkedinlogintestcase.java:19)
at Linkedintestcases.linkedinlogintestcase.launchbrowser(linkedinlogintestcase.java:19)
at Linkedintestcases.linkedinlogintestcase.launchbrowser(linkedinlogintestcase.java:19)
at Linkedintestcases.linkedinlogintestcase.launchbrowser(linkedinlogintestcase.java:19)
at Linkedintestcases.linkedinlogintestcase.launchbrowser(linkedinlogintestcase.java:19)
at Linkedintestcases.linkedinlogintestcase.launchbrowser(linkedinlogintestcase.java:19)
at Linkedintestcases.linkedinlogintestcase.launchbrowser(linkedinlogintestcase.java:19)
at Linkedintestcases.linkedinlogintestcase.launchbrowser(linkedinlogintestcase.java:19)
at Linkedintestcases.linkedinlogintestcase.launchbrowser(linkedinlogintestcase.java:19)
at Linkedintestcases.linkedinlogintestcase.launchbrowser(linkedinlogintestcase.java:19)
at Linkedintestcases.linkedinlogintestcase.launchbrowser(linkedinlogintestcase.java:19)
at Linkedintestcases.linkedinlogintestcase.launchbrowser(linkedinlogintestcase.java:19)
at Linkedintestcases.linkedinlogintestcase.launchbrowser(linkedinlogintestcase.java:19)
at Linkedintestcases.linkedinlogintestcase.launchbrowser(linkedinlogintestcase.java:19)
at Linkedintestcases.linkedinlogintestcase.launchbrowser(linkedinlogintestcase.java:19)
at Linkedintestcases.linkedinlogintestcase.launchbrowser(linkedinlogintestcase.java:19)
at Linkedintestcases.linkedinlogintestcase.launchbrowser(linkedinlogintestcase.java:19)
at Linkedintestcases.linkedinlogintestcase.launchbrowser(linkedinlogintestcase.java:19)
at Linkedintestcases.linkedinlogintestcase.launchbrowser(linkedinlogintestcase.java:19)
at Linkedintestcases.linkedinlogintestcase.launchbrowser(linkedinlogintestcase.java:19)
at Linkedintestcases.linkedinlogintestcase.launchbrowser(linkedinlogintestcase.java:19)
at Linkedintestcases.linkedinlogintestcase.launchbrowser(linkedinlogintestcase.java:19)
at Linkedintestcases.linkedinlogintestcase.launchbrowser(linkedinlogintestcase.java:19)
at Linkedintestcases.linkedinlogintestcase.launchbrowser(linkedinlogintestcase.java:19)
at Linkedintestcases.linkedinlogintestcase.launchbrowser(linkedinlogintestcase.java:19)
at Linkedintestcases.linkedinlogintestcase.launchbrowser(linkedinlogintestcase.java:19)
at Linkedintestcases.linkedinlogintestcase.launchbrowser(linkedinlogintestcase.java:19)
at Linkedintestcases.linkedinlogintestcase.launchbrowser(linkedinlogintestcase.java:19)
at Linkedintestcases.linkedinlogintestcase.launchbrowser(linkedinlogintestcase.java:19)
at Linkedintestcases.linkedinlogintestcase.launchbrowser(linkedinlogintestcase.java:19)
at Linkedintestcases.linkedinlogintestcase.launchbrowser(linkedinlogintestcase.java:19)
at Linkedintestcases.linkedinlogintestcase.launchbrowser(linkedinlogintestcase.java:19)
at Linkedintestcases.linkedinlogintestcase.launchbrowser(linkedinlogintestcase.java:19)
at Linkedintestcases.linkedinlogintestcase.launchbrowser(linkedinlogintestcase.java:19)
at Linkedintestcases.linkedinlogintestcase.launchbrowser(linkedinlogintestcase.java:19)
at Linkedintestcases.linkedinlogintestcase.launchbrowser(linkedinlogintestcase.java:19)
at Linkedintestcases.linkedinlogintestcase.launchbrowser(linkedinlogintestcase.java:19)
at Linkedintestcases.linkedinlogintestcase.launchbrowser(linkedinlogintestcase.java:19)
at Linkedintestcases.linkedinlogintestcase.launchbrowser(linkedinlogintestcase.java:19)
at Linkedintestcases.linkedinlogintestcase.launchbrowser(linkedinlogintestcase.java:19)
at Linkedintestcases.linkedinlogintestcase.launchbrowser(linkedinlogintestcase.java:19)
at Linkedintestcases.linkedinlogintestcase.launchbrowser(linkedinlogintestcase.java:19)
at Linkedintestcases.linkedinlogintestcase.launchbrowser(linkedinlogintestcase.java:19)
at Linkedintestcases.linkedinlogintestcase.launchbrowser(linkedinlogintestcase.java:19)
at Linkedintestcases.linkedinlogintestcase.launchbrowser(linkedinlogintestcase.java:19)
at Linkedintestcases.linkedinlogintestcase.launchbrowser(linkedinlogintestcase.java:19)
at Linkedintestcases.linkedinlogintestcase.launchbrowser(linkedinlogintestcase.java:19)
at Linkedintestcases.linkedinlogintestcase.launchbrowser(linkedinlogintestcase.java:19)
at Linkedintestcases.linkedinlogintestcase.launchbrowser(linkedinlogintestcase.java:19)
at Linkedintestcases.linkedinlogintestcase.launchbrowser(linkedinlogintestcase.java:19)
at Linkedintestcases.linkedinlogintestcase.launchbrowser(linkedinlogintestcase.java:19)
at Linkedintestcases.linkedinlogintestcase.launchbrowser(linkedinlogintestcase.java:19)
at Linkedintestcases.linkedinlogintestcase.launchbrowser(linkedinlogintestcase.java:19)
at Linkedintestcases.linkedinlogintestcase.launchbrowser(linkedinlogintestcase.java:19)
at Linkedintestcases.linkedinlogintestcase.launchbrowser(linkedinlogintestcase.java:19)
at Linkedintestcases.linkedinlogintestcase.launchbrowser(linkedinlogintestcase.java:19)
at Linkedintestcases.linkedinlogintestcase.launchbrowser(linkedinlogintestcase.java:19)
at Linkedintestcases.linkedinlogintestcase.launchbrowser(linkedinlogintestcase.java:19)
at Linkedintestcases.linkedinlogintestcase.launchbrowser(linkedinlogintestcase.java:19)
at Linkedintestcases.linkedinlogintestcase.launchbrowser(linkedinlogintestcase.java:19)
at Linkedintestcases.linkedinlogintestcase.launchbrowser(linkedinlogintestcase.java:19)
at Linkedintestcases.linkedinlogintestcase.launchbrowser(linkedinlogintestcase.java:19)
at Linkedintestcases.linkedinlogintestcase.launchbrowser(linkedinlogintestcase.java:19)
at Linkedintestcases.linkedinlogintestcase.launchbrowser(linkedinlogintestcase.java:19)
at Linkedintestcases.linkedinlogintestcase.launchbrowser(linkedinlogintestcase.java:19)
at Linkedintestcases.linkedinlogintestcase.launchbrowser(linkedinlogintestcase.java:19)
at Linkedintestcases.linkedinlogintestcase.launchbrowser(linkedinlogintestcase.java:19)
at Linkedintestcases.linkedinlogintestcase.launchbrowser(linkedinlogintestcase.java:19)
at Linkedintestcases.linkedinlogintestcase.launchbrowser(linkedinlogintestcase.java:19)
at Linkedintestcases.linkedinlogintestcase.launchbrowser(linkedinlogintestcase.java:19)
at Linkedintestcases.linkedinlogintestcase.launchbrowser(linkedinlogintestcase.java:19)
at Linkedintestcases.linkedinlogintestcase.launchbrowser(linkedinlogintestcase.java:19)
at Linkedintestcases.linkedinlogintestcase.launchbrowser(linkedinlogintestcase.java:19)
at Linkedintestcases.linkedinlogintestcase.launchbrowser(linkedinlogintestcase.java:19)
at Linkedintestcases.linkedinlogintestcase.launchbrowser(linkedinlogintestcase.java:19)
at Linkedintestcases.linkedinlogintestcase.launchbrowser(linkedinlogintestcase.java:19)
at Linkedintestcases.linkedinlogintestcase.launchbrowser(linkedinlogintestcase.java:19)
at Linkedintestcases.linkedinlogintestcase.launchbrowser(linkedinlogintestcase.java:19)
at Linkedintestcases.linkedinlogintestcase.launchbrowser(linkedinlogintestcase.java:19)
at Linkedintestcases.linkedinlogintestcase.launchbrowser(linkedinlogintestcase.java:19)
at Linkedintestcases.linkedinlogintestcase.launchbrowser(linkedinlogintestcase.java:19)
at Linkedintestcases.linkedinlogintestcase.launchbrowser(linkedinlogintestcase.java:19)
at Linkedintestcases.linkedinlogintestcase.launchbrowser(linkedinlogintestcase.java:19)
at Linkedintestcases.linkedinlogintestcase.launchbrowser(linkedinlogintestcase.java:19)
at Linkedintestcases.linkedinlogintestcase.launchbrowser(linkedinlogintestcase.java:19)
at Linkedintestcases.linkedinlogintestcase.launchbrowser(linkedinlogintestcase.java:19)
at Linkedintestcases.linkedinlogintestcase.launchbrowser(linkedinlogintestcase.java:19)
at Linkedintestcases.linkedinlogintestcase.launchbrowser(linkedinlogintestcase.java:19)
at Linkedintestcases.linkedinlogintestcase.launchbrowser(linkedinlogintestcase.java:19)
at Linkedintestcases.linkedinlogintestcase.launchbrowser(linkedinlogintestcase.java:19)
at Linkedintestcases.linkedinlogintestcase.launchbrowser(linkedinlogintestcase.java:19)
at Linkedintestcases.linkedinlogintestcase.launchbrowser(linkedinlogintestcase.java:19)
at Linkedintestcases.linkedinlogintestcase.launchbrowser(linkedinlogintestcase.java:19)
at Linkedintestcases.linkedinlogintestcase.launchbrowser(linkedinlogintestcase.java:19)
at Linkedintestcases.linkedinlogintestcase.launchbrowser(linkedinlogintestcase.java:19)
at Linkedintestcases.linkedinlogintestcase.launchbrowser(linkedinlogintestcase.java:19)
at Linkedintestcases.linkedinlogintestcase.launchbrowser(linkedinlogintestcase.java:19)
at Linkedintestcases.linkedinlogintestcase.launchbrowser(linkedinlogintestcase.java:19)
at Linkedintestcases.linkedinlogintestcase.launchbrowser(linkedinlogintestcase.java:19)
at Linkedintestcases.linkedinlogintestcase.launchbrowser(linkedinlogintestcase.java:19)
at Linkedintestcases.linkedinlogintestcase.launchbrowser(linkedinlogintestcase.java:19)
at Linkedintestcases.linkedinlogintestcase.launchbrowser(linkedinlogintestcase.java:19)
at Linkedintestcases.linkedinlogintestcase.launchbrowser(linkedinlogintestcase.java:19)
at Linkedintestcases.linkedinlogintestcase.launchbrowser(linkedinlogintestcase.java:19)
at Linkedintestcases.linkedinlogintestcase.launchbrowser(linkedinlogintestcase.java:19)
at Linkedintestcases.linkedinlogintestcase.launchbrowser(linkedinlogintestcase.java:19)
at Linkedintestcases.linkedinlogintestcase.launchbrowser(linkedinlogintestcase.java:19)
at Linkedintestcases.linkedinlogintestcase.launchbrowser(linkedinlogintestcase.java:19)
at Linkedintestcases.linkedinlogintestcase.launchbrowser(linkedinlogintestcase.java:19)
at Linkedintestcases.linkedinlogintestcase.launchbrowser(linkedinlogintestcase.java:19)
at Linkedintestcases.linkedinlogintestcase.launchbrowser(linkedinlogintestcase.java:19)
at Linkedintestcases.linkedinlogintestcase.launchbrowser(linkedinlogintestcase.java:19)
at Linkedintestcases.linkedinlogintestcase.launchbrowser(linkedinlogintestcase.java:19)
at Linkedintestcases.linkedinlogintestcase.launchbrowser(linkedinlogintestcase.java:19)
at Linkedintestcases.linkedinlogintestcase.launchbrowser(linkedinlogintestcase.java:19)
at Linkedintestcases.linkedinlogintestcase.launchbrowser(linkedinlogintestcase.java:19)
at Linkedintestcases.linkedinlogintestcase.launchbrowser(linkedinlogintestcase.java:19)
at Linkedintestcases.linkedinlogintestcase.launchbrowser(linkedinlogintestcase.java:19)
at Linkedintestcases.linkedinlogintestcase.launchbrowser(linkedinlogintestcase.java:19)
at Linkedintestcases.linkedinlogintestcase.launchbrowser(linkedinlogintestcase.java:19)
at Linkedintestcases.linkedinlogintestcase.launchbrowser(linkedinlogintestcase.java:19)
at Linkedintestcases.linkedinlogintestcase.launchbrowser(linkedinlogintestcase.java:19)
at Linkedintestcases.linkedinlogintestcase.launchbrowser(linkedinlogintestcase.java:19)
at Linkedintestcases.linkedinlogintestcase.launchbrowser(linkedinlogintestcase.java:19)
at Linkedintestcases.linkedinlogintestcase.launchbrowser(linkedinlogintestcase.java:19)
at Linkedintestcases.linkedinlogintestcase.launchbrowser(linkedinlogintestcase.java:19)
at Linkedintestcases.linkedinlogintestcase.launchbrowser(linkedinlogintestcase.java:19)
at Linkedintestcases.linkedinlogintestcase.launchbrowser(linkedinlogintestcase.java:19)
at Linkedintestcases.linkedinlogintestcase.launchbrowser(linkedinlogintestcase.java:19)
at Linkedintestcases.linkedinlogintestcase.launchbrowser(linkedinlogintestcase.java:19)
at Linkedintestcases.linkedinlogintestcase.launchbrowser(linkedinlogintestcase.java:19)
at Linkedintestcases.linkedinlogintestcase.launchbrowser(linkedinlogintestcase.java:19)
at Linkedintestcases.linkedinlogintestcase.launchbrowser(linkedinlogintestcase.java:19)
at Linkedintestcases.linkedinlogintestcase.launchbrowser(linkedinlogintestcase.java:19)
at Linkedintestcases.linkedinlogintestcase.launchbrowser(linkedinlogintestcase.java:19)
at Linkedintestcases.linkedinlogintestcase.launchbrowser(linkedinlogintestcase.java:19)
at Linkedintestcases.linkedinlogintestcase.launchbrowser(linkedinlogintestcase.java:19)
at Linkedintestcases.linkedinlogintestcase.launchbrowser(linkedinlogintestcase.java:19)
at Linkedintestcases.linkedinlogintestcase.launchbrowser(linkedinlogintestcase.java:19)
at Linkedintestcases.linkedinlogintestcase.launchbrowser(linkedinlogintestcase.java:19)
at Linkedintestcases.linkedinlogintestcase.launchbrowser(linkedinlogintestcase.java:19)
at Linkedintestcases.linkedinlogintestcase.launchbrowser(linkedinlogintestcase.java:19)
at Linkedintestcases.linkedinlogintestcase.launchbrowser(linkedinlogintestcase.java:19)
at Linkedintestcases.linkedinlogintestcase.launchbrowser(linkedinlogintestcase.java:19)
at Linkedintestcases.linkedinlogintestcase.launchbrowser(linkedinlogintestcase.java:19)
at Linkedintestcases.linkedinlogintestcase.launchbrowser(linkedinlogintestcase.java:19)
at Linkedintestcases.linkedinlogintestcase.launchbrowser(linkedinlogintestcase.java:19)
at Linkedintestcases.linkedinlogintestcase.launchbrowser(linkedinlogintestcase.java:19)
at Linkedintestcases.linkedinlogintestcase.launchbrowser(linkedinlogintestcase.java:19)
at Linkedintestcases.linkedinlogintestcase.launchbrowser(linkedinlogintestcase.java:19)
at Linkedintestcases.linkedinlogintestcase.launchbrowser(linkedinlogintestcase.java:19)
at Linkedintestcases.linkedinlogintestcase.launchbrowser(linkedinlogintestcase.java:19)
at Linkedintestcases.linkedinlogintestcase.launchbrowser(linkedinlogintestcase.java:19)
at Linkedintestcases.linkedinlogintestcase.launchbrowser(linkedinlogintestcase.java:19)
at Linkedintestcases.linkedinlogintestcase.launchbrowser(linkedinlogintestcase.java:19)
at Linkedintestcases.linkedinlogintestcase.launchbrowser(linkedinlogintestcase.java:19)
at Linkedintestcases.linkedinlogintestcase.launchbrowser(linkedinlogintestcase.java:19)
at Linkedintestcases.linkedinlogintestcase.launchbrowser(linkedinlogintestcase.java:19)
at Linkedintestcases.linkedinlogintestcase.launchbrowser(linkedinlogintestcase.java:19)
at Linkedintestcases.linkedinlogintestcase.launchbrowser(linkedinlogintestcase.java:19)
at Linkedintestcases.linkedinlogintestcase.launchbrowser(linkedinlogintestcase.java:19)
at Linkedintestcases.linkedinlogintestcase.launchbrowser(linkedinlogintestcase.java:19)
at Linkedintestcases.linkedinlogintestcase.launchbrowser(linkedinlogintestcase.java:19)
at Linkedintestcases.linkedinlogintestcase.launchbrowser(linkedinlogintestcase.java:19)
at Linkedintestcases.linkedinlogintestcase.launchbrowser(linkedinlogintestcase.java:19)
at Linkedintestcases.linkedinlogintestcase.launchbrowser(linkedinlogintestcase.java:19)
at Linkedintestcases.linkedinlogintestcase.launchbrowser(linkedinlogintestcase.java:19)
at Linkedintestcases.linkedinlogintestcase.launchbrowser(linkedinlogintestcase.java:19)
at Linkedintestcases.linkedinlogintestcase.launchbrowser(linkedinlogintestcase.java:19)
at Linkedintestcases.linkedinlogintestcase.launchbrowser(linkedinlogintestcase.java:19)
at Linkedintestcases.linkedinlogintestcase.launchbrowser(linkedinlogintestcase.java:19)
at Linkedintestcases.linkedinlogintestcase.launchbrowser(linkedinlogintestcase.java:19)
at Linkedintestcases.linkedinlogintestcase.launchbrowser(linkedinlogintestcase.java:19)
at Linkedintestcases.linkedinlogintestcase.launchbrowser(linkedinlogintestcase.java:19)
at Linkedintestcases.linkedinlogintestcase.launchbrowser(linkedinlogintestcase.java:19)
at Linkedintestcases.linkedinlogintestcase.launchbrowser(linkedinlogintestcase.java:19)
at Linkedintestcases.linkedinlogintestcase.launchbrowser(linkedinlogintestcase.java:19)
at Linkedintestcases.linkedinlogintestcase.launchbrowser(linkedinlogintestcase.java:19)
at Linkedintestcases.linkedinlogintestcase.launchbrowser(linkedinlogintestcase.java:19)
at Linkedintestcases.linkedinlogintestcase.launchbrowser(linkedinlogintestcase.java:19)
at Linkedintestcases.linkedinlogintestcase.launchbrowser(linkedinlogintestcase.java:19)
at Linkedintestcases.linkedinlogintestcase.launchbrowser(linkedinlogintestcase.java:19)
at Linkedintestcases.linkedinlogintestcase.launchbrowser(linkedinlogintestcase.java:19)
at Linkedintestcases.linkedinlogintestcase.launchbrowser(linkedinlogintestcase.java:19)
at Linkedintestcases.linkedinlogintestcase.launchbrowser(linkedinlogintestcase.java:19)
at Linkedintestcases.linkedinlogintestcase.launchbrowser(linkedinlogintestcase.java:19)
at Linkedintestcases.linkedinlogintestcase.launchbrowser(linkedinlogintestcase.java:19)
at Linkedintestcases.linkedinlogintestcase.launchbrowser(linkedinlogintestcase.java:19)
at Linkedintestcases.linkedinlogintestcase.launchbrowser(linkedinlogintestcase.java:19)
at Linkedintestcases.linkedinlogintestcase.launchbrowser(linkedinlogintestcase.java:19)
at Linkedintestcases.linkedinlogintestcase.launchbrowser(linkedinlogintestcase.java:19)
at Linkedintestcases.linkedinlogintestcase.launchbrowser(linkedinlogintestcase.java:19)
at Linkedintestcases.linkedinlogintestcase.launchbrowser(linkedinlogintestcase.java:19)
at Linkedintestcases.linkedinlogintestcase.launchbrowser(linkedinlogintestcase.java:19)
at Linkedintestcases.linkedinlogintestcase.launchbrowser(linkedinlogintestcase.java:19)
at Linkedintestcases.linkedinlogintestcase.launchbrowser(linkedinlogintestcase.java:19)
at Linkedintestcases.linkedinlogintestcase.launchbrowser(linkedinlogintestcase.java:19)
at Linkedintestcases.linkedinlogintestcase.launchbrowser(linkedinlogintestcase.java:19)
at Linkedintestcases.linkedinlogintestcase.launchbrowser(linkedinlogintestcase.java:19)
at Linkedintestcases.linkedinlogintestcase.launchbrowser(linkedinlogintestcase.java:19)
at Linkedintestcases.linkedinlogintestcase.launchbrowser(linkedinlogintestcase.java:19)
at Linkedintestcases.linkedinlogintestcase.launchbrowser(linkedinlogintestcase.java:19)
at Linkedintestcases.linkedinlogintestcase.launchbrowser(linkedinlogintestcase.java:19)
at Linkedintestcases.linkedinlogintestcase.launchbrowser(linkedinlogintestcase.java:19)
at Linkedintestcases.linkedinlogintestcase.launchbrowser(linkedinlogintestcase.java:19)
at Linkedintestcases.linkedinlogintestcase.launchbrowser(linkedinlogintestcase.java:19)
at Linkedintestcases.linkedinlogintestcase.launchbrowser(linkedinlogintestcase.java:19)
at Linkedintestcases.linkedinlogintestcase.launchbrowser(linkedinlogintestcase.java:19)
at Linkedintestcases.linkedinlogintestcase.launchbrowser(linkedinlogintestcase.java:19)
at Linkedintestcases.linkedinlogintestcase.launchbrowser(linkedinlogintestcase.java:19)
at Linkedintestcases.linkedinlogintestcase.launchbrowser(linkedinlogintestcase.java:19)
at Linkedintestcases.linkedinlogintestcase.launchbrowser(linkedinlogintestcase.java:19)
at Linkedintestcases.linkedinlogintestcase.launchbrowser(linkedinlogintestcase.java:19)
at Linkedintestcases.linkedinlogintestcase.launchbrowser(linkedinlogintestcase.java:19)
at Linkedintestcases.linkedinlogintestcase.launchbrowser(linkedinlogintestcase.java:19)
at Linkedintestcases.linkedinlogintestcase.launchbrowser(linkedinlogintestcase.java:19)
at Linkedintestcases.linkedinlogintestcase.launchbrowser(linkedinlogintestcase.java:19)
at Linkedintestcases.linkedinlogintestcase.launchbrowser(linkedinlogintestcase.java:19)
at Linkedintestcases.linkedinlogintestcase.launchbrowser(linkedinlogintestcase.java:19)
at Linkedintestcases.linkedinlogintestcase.launchbrowser(linkedinlogintestcase.java:19)
at Linkedintestcases.linkedinlogintestcase.launchbrowser(linkedinlogintestcase.java:19)
at Linkedintestcases.linkedinlogintestcase.launchbrowser(linkedinlogintestcase.java:19)
at Linkedintestcases.linkedinlogintestcase.launchbrowser(linkedinlogintestcase.java:19)
at Linkedintestcases.linkedinlogintestcase.launchbrowser(linkedinlogintestcase.java:19)
at Linkedintestcases.linkedinlogintestcase.launchbrowser(linkedinlogintestcase.java:19)
at Linkedintestcases.linkedinlogintestcase.launchbrowser(linkedinlogintestcase.java:19)
at Linkedintestcases.linkedinlogintestcase.launchbrowser(linkedinlogintestcase.java:19)
at Linkedintestcases.linkedinlogintestcase.launchbrowser(linkedinlogintestcase.java:19)
at Linkedintestcases.linkedinlogintestcase.launchbrowser(linkedinlogintestcase.java:19)
at Linkedintestcases.linkedinlogintestcase.launchbrowser(linkedinlogintestcase.java:19)
at Linkedintestcases.linkedinlogintestcase.launchbrowser(linkedinlogintestcase.java:19)
at Linkedintestcases.linkedinlogintestcase.launchbrowser(linkedinlogintestcase.java:19)
at Linkedintestcases.linkedinlogintestcase.launchbrowser(linkedinlogintestcase.java:19)
at Linkedintestcases.linkedinlogintestcase.launchbrowser(linkedinlogintestcase.java:19)
at Linkedintestcases.linkedinlogintestcase.launchbrowser(linkedinlogintestcase.java:19)
at Linkedintestcases.linkedinlogintestcase.launchbrowser(linkedinlogintestcase.java:19)
at Linkedintestcases.linkedinlogintestcase.launchbrowser(linkedinlogintestcase.java:19)
at Linkedintestcases.linkedinlogintestcase.launchbrowser(linkedinlogintestcase.java:19)
at Linkedintestcases.linkedinlogintestcase.launchbrowser(linkedinlogintestcase.java:19)
at Linkedintestcases.linkedinlogintestcase.launchbrowser(linkedinlogintestcase.java:19)
at Linkedintestcases.linkedinlogintestcase.launchbrowser(linkedinlogintestcase.java:19)
at Linkedintestcases.linkedinlogintestcase.launchbrowser(linkedinlogintestcase.java:19)
at Linkedintestcases.linkedinlogintestcase.launchbrowser(linkedinlogintestcase.java:19)
at Linkedintestcases.linkedinlogintestcase.launchbrowser(linkedinlogintestcase.java:19)
at Linkedintestcases.linkedinlogintestcase.launchbrowser(linkedinlogintestcase.java:19)
at Linkedintestcases.linkedinlogintestcase.launchbrowser(linkedinlogintestcase.java:19)
at Linkedintestcases.linkedinlogintestcase.launchbrowser(linkedinlogintestcase.java:19)
at Linkedintestcases.linkedinlogintestcase.launchbrowser(linkedinlogintestcase.java:19)
at Linkedintestcases.linkedinlogintestcase.launchbrowser(linkedinlogintestcase.java:19)
at Linkedintestcases.linkedinlogintestcase.launchbrowser(linkedinlogintestcase.java:19)
at Linkedintestcases.linkedinlogintestcase.launchbrowser(linkedinlogintestcase.java:19)
at Linkedintestcases.linkedinlogintestcase.launchbrowser(linkedinlogintestcase.java:19)
at Linkedintestcases.linkedinlogintestcase.launchbrowser(linkedinlogintestcase.java:19)
at Linkedintestcases.linkedinlogintestcase.launchbrowser(linkedinlogintestcase.java:19)
at Linkedintestcases.linkedinlogintestcase.launchbrowser(linkedinlogintestcase.java:19)
at Linkedintestcases.linkedinlogintestcase.launchbrowser(linkedinlogintestcase.java:19)
at Linkedintestcases.linkedinlogintestcase.launchbrowser(linkedinlogintestcase.java:19)
at Linkedintestcases.linkedinlogintestcase.launchbrowser(linkedinlogintestcase.java:19)
at Linkedintestcases.linkedinlogintestcase.launchbrowser(linkedinlogintestcase.java:19)
at Linkedintestcases.linkedinlogintestcase.launchbrowser(linkedinlogintestcase.java:19)
at Linkedintestcases.linkedinlogintestcase.launchbrowser(linkedinlogintestcase.java:19)
at Linkedintestcases.linkedinlogintestcase.launchbrowser(linkedinlogintestcase.java:19)
at Linkedintestcases.linkedinlogintestcase.launchbrowser(linkedinlogintestcase.java:19)
at Linkedintestcases.linkedinlogintestcase.launchbrowser(linkedinlogintestcase.java:19)
at Linkedintestcases.linkedinlogintestcase.launchbrowser(linkedinlogintestcase.java:19)
at Linkedintestcases.linkedinlogintestcase.launchbrowser(linkedinlogintestcase.java:19)
at Linkedintestcases.linkedinlogintestcase.launchbrowser(linkedinlogintestcase.java:19)
at Linkedintestcases.linkedinlogintestcase.launchbrowser(linkedinlogintestcase.java:19)
at Linkedintestcases.linkedinlogintestcase.launchbrowser(linkedinlogintestcase.java:19)
at Linkedintestcases.linkedinlogintestcase.launchbrowser(linkedinlogintestcase.java:19)
at Linkedintestcases.linkedinlogintestcase.launchbrowser(linkedinlogintestcase.java:19)
at Linkedintestcases.linkedinlogintestcase.launchbrowser(linkedinlogintestcase.java:19)
at Linkedintestcases.linkedinlogintestcase.launchbrowser(linkedinlogintestcase.java:19)
at Linkedintestcases.linkedinlogintestcase.launchbrowser(linkedinlogintestcase.java:19)
at Linkedintestcases.linkedinlogintestcase.launchbrowser(linkedinlogintestcase.java:19)
at Linkedintestcases.linkedinlogintestcase.launchbrowser(linkedinlogintestcase.java:19)
at Linkedintestcases.linkedinlogintestcase.launchbrowser(linkedinlogintestcase.java:19)
at Linkedintestcases.linkedinlogintestcase.launchbrowser(linkedinlogintestcase.java:19)
at Linkedintestcases.linkedinlogintestcase.launchbrowser(linkedinlogintestcase.java:19)
at Linkedintestcases.linkedinlogintestcase.launchbrowser(linkedinlogintestcase.java:19)
at Linkedintestcases.linkedinlogintestcase.launchbrowser(linkedinlogintestcase.java:19)
at Linkedintestcases.linkedinlogintestcase.launchbrowser(linkedinlogintestcase.java:19)
at Linkedintestcases.linkedinlogintestcase.launchbrowser(linkedinlogintestcase.java:19)
at Linkedintestcases.linkedinlogintestcase.launchbrowser(linkedinlogintestcase.java:19)
at Linkedintestcases.linkedinlogintestcase.launchbrowser(linkedinlogintestcase.java:19)
at Linkedintestcases.linkedinlogintestcase.launchbrowser(linkedinlogintestcase.java:19)
at Linkedintestcases.linkedinlogintestcase.launchbrowser(linkedinlogintestcase.java:19)
at Linkedintestcases.linkedinlogintestcase.launchbrowser(linkedinlogintestcase.java:19)
at Linkedintestcases.linkedinlogintestcase.launchbrowser(linkedinlogintestcase.java:19)
at Linkedintestcases.linkedinlogintestcase.launchbrowser(linkedinlogintestcase.java:19)
at Linkedintestcases.linkedinlogintestcase.launchbrowser(linkedinlogintestcase.java:19)
at Linkedintestcases.linkedinlogintestcase.launchbrowser(linkedinlogintestcase.java:19)
at Linkedintestcases.linkedinlogintestcase.launchbrowser(linkedinlogintestcase.java:19)
at Linkedintestcases.linkedinlogintestcase.launchbrowser(linkedinlogintestcase.java:19)
at Linkedintestcases.linkedinlogintestcase.launchbrowser(linkedinlogintestcase.java:19)
at Linkedintestcases.linkedinlogintestcase.launchbrowser(linkedinlogintestcase.java:19)
at Linkedintestcases.linkedinlogintestcase.launchbrowser(linkedinlogintestcase.java:19)
at Linkedintestcases.linkedinlogintestcase.launchbrowser(linkedinlogintestcase.java:19)
at Linkedintestcases.linkedinlogintestcase.launchbrowser(linkedinlogintestcase.java:19)
at Linkedintestcases.linkedinlogintestcase.launchbrowser(linkedinlogintestcase.java:19)
at Linkedintestcases.linkedinlogintestcase.launchbrowser(linkedinlogintestcase.java:19)
at Linkedintestcases.linkedinlogintestcase.launchbrowser(linkedinlogintestcase.java:19)
at Linkedintestcases.linkedinlogintestcase.launchbrowser(linkedinlogintestcase.java:19)
at Linkedintestcases.linkedinlogintestcase.launchbrowser(linkedinlogintestcase.java:19)
at Linkedintestcases.linkedinlogintestcase.launchbrowser(linkedinlogintestcase.java:19)
at Linkedintestcases.linkedinlogintestcase.launchbrowser(linkedinlogintestcase.java:19)
at Linkedintestcases.linkedinlogintestcase.launchbrowser(linkedinlogintestcase.java:19)
at Linkedintestcases.linkedinlogintestcase.launchbrowser(linkedinlogintestcase.java:19)
at Linkedintestcases.linkedinlogintestcase.launchbrowser(linkedinlogintestcase.java:19)
at Linkedintestcases.linkedinlogintestcase.launchbrowser(linkedinlogintestcase.java:19)
at Linkedintestcases.linkedinlogintestcase.launchbrowser(linkedinlogintestcase.java:19)
at Linkedintestcases.linkedinlogintestcase.launchbrowser(linkedinlogintestcase.java:19)
at Linkedintestcases.linkedinlogintestcase.launchbrowser(linkedinlogintestcase.java:19)
at Linkedintestcases.linkedinlogintestcase.launchbrowser(linkedinlogintestcase.java:19)
at Linkedintestcases.linkedinlogintestcase.launchbrowser(linkedinlogintestcase.java:19)
at Linkedintestcases.linkedinlogintestcase.launchbrowser(linkedinlogintestcase.java:19)
at Linkedintestcases.linkedinlogintestcase.launchbrowser(linkedinlogintestcase.java:19)
at Linkedintestcases.linkedinlogintestcase.launchbrowser(linkedinlogintestcase.java:19)
at Linkedintestcases.linkedinlogintestcase.launchbrowser(linkedinlogintestcase.java:19)
at Linkedintestcases.linkedinlogintestcase.launchbrowser(linkedinlogintestcase.java:19)
at Linkedintestcases.linkedinlogintestcase.launchbrowser(linkedinlogintestcase.java:19)
at Linkedintestcases.linkedinlogintestcase.launchbrowser(linkedinlogintestcase.java:19)
at Linkedintestcases.linkedinlogintestcase.launchbrowser(linkedinlogintestcase.java:19)
at Linkedintestcases.linkedinlogintestcase.launchbrowser(linkedinlogintestcase.java:19)
at Linkedintestcases.linkedinlogintestcase.launchbrowser(linkedinlogintestcase.java:19)
at Linkedintestcases.linkedinlogintestcase.launchbrowser(linkedinlogintestcase.java:19)
at Linkedintestcases.linkedinlogintestcase.launchbrowser(linkedinlogintestcase.java:19)
at Linkedintestcases.linkedinlogintestcase.launchbrowser(linkedinlogintestcase.java:19)
at Linkedintestcases.linkedinlogintestcase.launchbrowser(linkedinlogintestcase.java:19)
at Linkedintestcases.linkedinlogintestcase.launchbrowser(linkedinlogintestcase.java:19)
at Linkedintestcases.linkedinlogintestcase.launchbrowser(linkedinlogintestcase.java:19)
at Linkedintestcases.linkedinlogintestcase.launchbrowser(linkedinlogintestcase.java:19)
at Linkedintestcases.linkedinlogintestcase.launchbrowser(linkedinlogintestcase.java:19)
at Linkedintestcases.linkedinlogintestcase.launchbrowser(linkedinlogintestcase.java:19)
at Linkedintestcases.linkedinlogintestcase.launchbrowser(linkedinlogintestcase.java:19)
at Linkedintestcases.linkedinlogintestcase.launchbrowser(linkedinlogintestcase.java:19)
at Linkedintestcases.linkedinlogintestcase.launchbrowser(linkedinlogintestcase.java:19)
at Linkedintestcases.linkedinlogintestcase.launchbrowser(linkedinlogintestcase.java:19)
at Linkedintestcases.linkedinlogintestcase.launchbrowser(linkedinlogintestcase.java:19)
at Linkedintestcases.linkedinlogintestcase.launchbrowser(linkedinlogintestcase.java:19)
at Linkedintestcases.linkedinlogintestcase.launchbrowser(linkedinlogintestcase.java:19)
at Linkedintestcases.linkedinlogintestcase.launchbrowser(linkedinlogintestcase.java:19)
at Linkedintestcases.linkedinlogintestcase.launchbrowser(linkedinlogintestcase.java:19)
at Linkedintestcases.linkedinlogintestcase.launchbrowser(linkedinlogintestcase.java:19)
at Linkedintestcases.linkedinlogintestcase.launchbrowser(linkedinlogintestcase.java:19)
at Linkedintestcases.linkedinlogintestcase.launchbrowser(linkedinlogintestcase.java:19)
at Linkedintestcases.linkedinlogintestcase.launchbrowser(linkedinlogintestcase.java:19)
at Linkedintestcases.linkedinlogintestcase.launchbrowser(linkedinlogintestcase.java:19)
at Linkedintestcases.linkedinlogintestcase.launchbrowser(linkedinlogintestcase.java:19)
at Linkedintestcases.linkedinlogintestcase.launchbrowser(linkedinlogintestcase.java:19)
at Linkedintestcases.linkedinlogintestcase.launchbrowser(linkedinlogintestcase.java:19)
at Linkedintestcases.linkedinlogintestcase.launchbrowser(linkedinlogintestcase.java:19)
at Linkedintestcases.linkedinlogintestcase.launchbrowser(linkedinlogintestcase.java:19)
at Linkedintestcases.linkedinlogintestcase.launchbrowser(linkedinlogintestcase.java:19)
at Linkedintestcases.linkedinlogintestcase.launchbrowser(linkedinlogintestcase.java:19)
at Linkedintestcases.linkedinlogintestcase.launchbrowser(linkedinlogintestcase.java:19)
at Linkedintestcases.linkedinlogintestcase.launchbrowser(linkedinlogintestcase.java:19)
at Linkedintestcases.linkedinlogintestcase.launchbrowser(linkedinlogintestcase.java:19)
at Linkedintestcases.linkedinlogintestcase.launchbrowser(linkedinlogintestcase.java:19)
at Linkedintestcases.linkedinlogintestcase.launchbrowser(linkedinlogintestcase.java:19)
at Linkedintestcases.linkedinlogintestcase.launchbrowser(linkedinlogintestcase.java:19)
at Linkedintestcases.linkedinlogintestcase.launchbrowser(linkedinlogintestcase.java:19)
at Linkedintestcases.linkedinlogintestcase.launchbrowser(linkedinlogintestcase.java:19)
at Linkedintestcases.linkedinlogintestcase.launchbrowser(linkedinlogintestcase.java:19)
at Linkedintestcases.linkedinlogintestcase.launchbrowser(linkedinlogintestcase.java:19)
at Linkedintestcases.linkedinlogintestcase.launchbrowser(linkedinlogintestcase.java:19)
at Linkedintestcases.linkedinlogintestcase.launchbrowser(linkedinlogintestcase.java:19)
at Linkedintestcases.linkedinlogintestcase.launchbrowser(linkedinlogintestcase.java:19)
at Linkedintestcases.linkedinlogintestcase.launchbrowser(linkedinlogintestcase.java:19)
at Linkedintestcases.linkedinlogintestcase.launchbrowser(linkedinlogintestcase.java:19)
at Linkedintestcases.linkedinlogintestcase.launchbrowser(linkedinlogintestcase.java:19)
at Linkedintestcases.linkedinlogintestcase.launchbrowser(linkedinlogintestcase.java:19)
at Linkedintestcases.linkedinlogintestcase.launchbrowser(linkedinlogintestcase.java:19)
at Linkedintestcases.linkedinlogintestcase.launchbrowser(linkedinlogintestcase.java:19)
at Linkedintestcases.linkedinlogintestcase.launchbrowser(linkedinlogintestcase.java:19)
at Linkedintestcases.linkedinlogintestcase.launchbrowser(linkedinlogintestcase.java:19)
at Linkedintestcases.linkedinlogintestcase.launchbrowser(linkedinlogintestcase.java:19)
at Linkedintestcases.linkedinlogintestcase.launchbrowser(linkedinlogintestcase.java:19)
at Linkedintestcases.linkedinlogintestcase.launchbrowser(linkedinlogintestcase.java:19)
at Linkedintestcases.linkedinlogintestcase.launchbrowser(linkedinlogintestcase.java:19)
at Linkedintestcases.linkedinlogintestcase.launchbrowser(linkedinlogintestcase.java:19)
at Linkedintestcases.linkedinlogintestcase.launchbrowser(linkedinlogintestcase.java:19)
at Linkedintestcases.linkedinlogintestcase.launchbrowser(linkedinlogintestcase.java:19)
at Linkedintestcases.linkedinlogintestcase.launchbrowser(linkedinlogintestcase.java:19)
at Linkedintestcases.linkedinlogintestcase.launchbrowser(linkedinlogintestcase.java:19)
at Linkedintestcases.linkedinlogintestcase.launchbrowser(linkedinlogintestcase.java:19)
at Linkedintestcases.linkedinlogintestcase.launchbrowser(linkedinlogintestcase.java:19)
at Linkedintestcases.linkedinlogintestcase.launchbrowser(linkedinlogintestcase.java:19)
at Linkedintestcases.linkedinlogintestcase.launchbrowser(linkedinlogintestcase.java:19)
at Linkedintestcases.linkedinlogintestcase.launchbrowser(linkedinlogintestcase.java:19)
at Linkedintestcases.linkedinlogintestcase.launchbrowser(linkedinlogintestcase.java:19)
at Linkedintestcases.linkedinlogintestcase.launchbrowser(linkedinlogintestcase.java:19)
at Linkedintestcases.linkedinlogintestcase.launchbrowser(linkedinlogintestcase.java:19)
at Linkedintestcases.linkedinlogintestcase.launchbrowser(linkedinlogintestcase.java:19)
at Linkedintestcases.linkedinlogintestcase.launchbrowser(linkedinlogintestcase.java:19)
at Linkedintestcases.linkedinlogintestcase.launchbrowser(linkedinlogintestcase.java:19)
at Linkedintestcases.linkedinlogintestcase.launchbrowser(linkedinlogintestcase.java:19)
at Linkedintestcases.linkedinlogintestcase.launchbrowser(linkedinlogintestcase.java:19)
at Linkedintestcases.linkedinlogintestcase.launchbrowser(linkedinlogintestcase.java:19)
at Linkedintestcases.linkedinlogintestcase.launchbrowser(linkedinlogintestcase.java:19)
at Linkedintestcases.linkedinlogintestcase.launchbrowser(linkedinlogintestcase.java:19)
at Linkedintestcases.linkedinlogintestcase.launchbrowser(linkedinlogintestcase.java:19)
at Linkedintestcases.linkedinlogintestcase.launchbrowser(linkedinlogintestcase.java:19)
at Linkedintestcases.linkedinlogintestcase.launchbrowser(linkedinlogintestcase.java:19)
at Linkedintestcases.linkedinlogintestcase.launchbrowser(linkedinlogintestcase.java:19)
at Linkedintestcases.linkedinlogintestcase.launchbrowser(linkedinlogintestcase.java:19)
at Linkedintestcases.linkedinlogintestcase.launchbrowser(linkedinlogintestcase.java:19)
at Linkedintestcases.linkedinlogintestcase.launchbrowser(linkedinlogintestcase.java:19)
at Linkedintestcases.linkedinlogintestcase.launchbrowser(linkedinlogintestcase.java:19)
at Linkedintestcases.linkedinlogintestcase.launchbrowser(linkedinlogintestcase.java:19)
at Linkedintestcases.linkedinlogintestcase.launchbrowser(linkedinlogintestcase.java:19)
at Linkedintestcases.linkedinlogintestcase.launchbrowser(linkedinlogintestcase.java:19)
at Linkedintestcases.linkedinlogintestcase.launchbrowser(linkedinlogintestcase.java:19)
at Linkedintestcases.linkedinlogintestcase.launchbrowser(linkedinlogintestcase.java:19)
at Linkedintestcases.linkedinlogintestcase.launchbrowser(linkedinlogintestcase.java:19)
at Linkedintestcases.linkedinlogintestcase.launchbrowser(linkedinlogintestcase.java:19)
at Linkedintestcases.linkedinlogintestcase.launchbrowser(linkedinlogintestcase.java:19)
at Linkedintestcases.linkedinlogintestcase.launchbrowser(linkedinlogintestcase.java:19)
at Linkedintestcases.linkedinlogintestcase.launchbrowser(linkedinlogintestcase.java:19)
at Linkedintestcases.linkedinlogintestcase.launchbrowser(linkedinlogintestcase.java:19)
at Linkedintestcases.linkedinlogintestcase.launchbrowser(linkedinlogintestcase.java:19)
at Linkedintestcases.linkedinlogintestcase.launchbrowser(linkedinlogintestcase.java:19)
at Linkedintestcases.linkedinlogintestcase.launchbrowser(linkedinlogintestcase.java:19)
at Linkedintestcases.linkedinlogintestcase.launchbrowser(linkedinlogintestcase.java:19)
at Linkedintestcases.linkedinlogintestcase.launchbrowser(linkedinlogintestcase.java:19)
at Linkedintestcases.linkedinlogintestcase.launchbrowser(linkedinlogintestcase.java:19)
at Linkedintestcases.linkedinlogintestcase.launchbrowser(linkedinlogintestcase.java:19)
at Linkedintestcases.linkedinlogintestcase.launchbrowser(linkedinlogintestcase.java:19)
at Linkedintestcases.linkedinlogintestcase.launchbrowser(linkedinlogintestcase.java:19)
at Linkedintestcases.linkedinlogintestcase.launchbrowser(linkedinlogintestcase.java:19)
at Linkedintestcases.linkedinlogintestcase.launchbrowser(linkedinlogintestcase.java:19)
at Linkedintestcases.linkedinlogintestcase.launchbrowser(linkedinlogintestcase.java:19)
at Linkedintestcases.linkedinlogintestcase.launchbrowser(linkedinlogintestcase.java:19)
at Linkedintestcases.linkedinlogintestcase.launchbrowser(linkedinlogintestcase.java:19)
at Linkedintestcases.linkedinlogintestcase.launchbrowser(linkedinlogintestcase.java:19)
at Linkedintestcases.linkedinlogintestcase.launchbrowser(linkedinlogintestcase.java:19)
at Linkedintestcases.linkedinlogintestcase.launchbrowser(linkedinlogintestcase.java:19)
at Linkedintestcases.linkedinlogintestcase.launchbrowser(linkedinlogintestcase.java:19)
at Linkedintestcases.linkedinlogintestcase.launchbrowser(linkedinlogintestcase.java:19)
at Linkedintestcases.linkedinlogintestcase.launchbrowser(linkedinlogintestcase.java:19)
at Linkedintestcases.linkedinlogintestcase.launchbrowser(linkedinlogintestcase.java:19)
at Linkedintestcases.linkedinlogintestcase.launchbrowser(linkedinlogintestcase.java:19)
at Linkedintestcases.linkedinlogintestcase.launchbrowser(linkedinlogintestcase.java:19)
at Linkedintestcases.linkedinlogintestcase.launchbrowser(linkedinlogintestcase.java:19)
at Linkedintestcases.linkedinlogintestcase.launchbrowser(linkedinlogintestcase.java:19)
at Linkedintestcases.linkedinlogintestcase.launchbrowser(linkedinlogintestcase.java:19)
at Linkedintestcases.linkedinlogintestcase.launchbrowser(linkedinlogintestcase.java:19)
at Linkedintestcases.linkedinlogintestcase.launchbrowser(linkedinlogintestcase.java:19)
at Linkedintestcases.linkedinlogintestcase.launchbrowser(linkedinlogintestcase.java:19)
at Linkedintestcases.linkedinlogintestcase.launchbrowser(linkedinlogintestcase.java:19)
at Linkedintestcases.linkedinlogintestcase.launchbrowser(linkedinlogintestcase.java:19)
at Linkedintestcases.linkedinlogintestcase.launchbrowser(linkedinlogintestcase.java:19)
at Linkedintestcases.linkedinlogintestcase.launchbrowser(linkedinlogintestcase.java:19)
at Linkedintestcases.linkedinlogintestcase.launchbrowser(linkedinlogintestcase.java:19)
at Linkedintestcases.linkedinlogintestcase.launchbrowser(linkedinlogintestcase.java:19)
at Linkedintestcases.linkedinlogintestcase.launchbrowser(linkedinlogintestcase.java:19)
at Linkedintestcases.linkedinlogintestcase.launchbrowser(linkedinlogintestcase.java:19)
at Linkedintestcases.linkedinlogintestcase.launchbrowser(linkedinlogintestcase.java:19)
at Linkedintestcases.linkedinlogintestcase.launchbrowser(linkedinlogintestcase.java:19)
at Linkedintestcases.linkedinlogintestcase.launchbrowser(linkedinlogintestcase.java:19)
]]>
    </error>
  </testcase> <!-- launchbrowser -->
  <testcase name="login" time="0.000" classname="Linkedintestcases.linkedinlogintestcase">
    <skipped/>
  </testcase> <!-- login -->
</testsuite> <!-- Linkedintestcases.linkedinlogintestcase -->
