<?xml version="1.0" encoding="UTF-8"?>
<!-- Generated by org.testng.reporters.JUnitReportReporter -->
<testsuite skipped="0" hostname="LAPTOP-0MLMGFQH" name="orangehrmtestcases.orangelogintest" tests="3" failures="0" timestamp="01 May 2020 02:24:46 GMT" time="33.261" errors="0">
  <testcase name="orangehrmlogintest" time="9.055" classname="orangehrmtestcases.orangelogintest"/>
  <testcase name="orangehrmlogintest" time="11.791" classname="orangehrmtestcases.orangelogintest"/>
  <testcase name="orangehrmlogintest" time="12.415" classname="orangehrmtestcases.orangelogintest"/>
</testsuite> <!-- orangehrmtestcases.orangelogintest -->
