<?xml version="1.0" encoding="UTF-8"?>
<!-- Generated by org.testng.reporters.JUnitReportReporter -->
<testsuite skipped="0" hostname="LAPTOP-0MLMGFQH" name="orangehrmtestcases.orangehrmRecruitmenttest" tests="1" failures="0" timestamp="29 Apr 2020 16:33:27 GMT" time="11.323" errors="0">
  <testcase name="addbutton" time="11.323" classname="orangehrmtestcases.orangehrmRecruitmenttest"/>
</testsuite> <!-- orangehrmtestcases.orangehrmRecruitmenttest -->
