<?xml version="1.0" encoding="UTF-8"?>
<!-- Generated by org.testng.reporters.JUnitReportReporter -->
<testsuite skipped="0" hostname="LAPTOP-0MLMGFQH" name="orangehrmtestcases.orangehrmAdmintest" tests="1" failures="0" timestamp="29 Apr 2020 16:33:27 GMT" time="16.656" errors="0">
  <testcase name="Adminpage" time="16.656" classname="orangehrmtestcases.orangehrmAdmintest"/>
</testsuite> <!-- orangehrmtestcases.orangehrmAdmintest -->
